TN:
SF:src/middleware.ts
FN:13,(anonymous_0)
FN:55,(anonymous_1)
FN:91,(anonymous_2)
FN:103,(anonymous_3)
FN:148,(anonymous_4)
FNF:5
FNH:0
FNDA:0,(anonymous_0)
FNDA:0,(anonymous_1)
FNDA:0,(anonymous_2)
FNDA:0,(anonymous_3)
FNDA:0,(anonymous_4)
DA:8,0
DA:13,0
DA:18,0
DA:21,0
DA:29,0
DA:30,0
DA:37,0
DA:39,0
DA:44,0
DA:55,0
DA:60,0
DA:62,0
DA:65,0
DA:73,0
DA:75,0
DA:80,0
DA:91,0
DA:96,0
DA:99,0
DA:100,0
DA:103,0
DA:104,0
DA:107,0
DA:108,0
DA:110,0
DA:123,0
DA:124,0
DA:139,0
DA:142,0
DA:148,0
DA:154,0
DA:161,0
DA:162,0
DA:165,0
DA:179,0
LF:35
LH:0
BRDA:29,0,0,0
BRDA:62,1,0,0
BRDA:62,1,1,0
BRDA:119,2,0,0
BRDA:119,2,1,0
BRDA:123,3,0,0
BRDA:123,4,0,0
BRDA:123,4,1,0
BRDA:132,5,0,0
BRDA:132,5,1,0
BRDA:161,6,0,0
BRDA:169,7,0,0
BRDA:169,7,1,0
BRF:13
BRH:0
end_of_record
TN:
SF:src/admin/widgets/printify-configuration-widget.tsx
FN:31,(anonymous_9)
FN:49,(anonymous_10)
FN:53,(anonymous_11)
FN:55,(anonymous_12)
FN:58,(anonymous_13)
FN:68,(anonymous_14)
FN:84,(anonymous_15)
FN:123,(anonymous_16)
FN:143,(anonymous_17)
FN:159,(anonymous_18)
FN:160,(anonymous_19)
FN:239,(anonymous_20)
FN:244,(anonymous_21)
FN:264,(anonymous_22)
FN:282,(anonymous_23)
FN:287,(anonymous_24)
FN:339,(anonymous_25)
FN:353,(anonymous_26)
FN:357,(anonymous_27)
FNF:19
FNH:0
FNDA:0,(anonymous_9)
FNDA:0,(anonymous_10)
FNDA:0,(anonymous_11)
FNDA:0,(anonymous_12)
FNDA:0,(anonymous_13)
FNDA:0,(anonymous_14)
FNDA:0,(anonymous_15)
FNDA:0,(anonymous_16)
FNDA:0,(anonymous_17)
FNDA:0,(anonymous_18)
FNDA:0,(anonymous_19)
FNDA:0,(anonymous_20)
FNDA:0,(anonymous_21)
FNDA:0,(anonymous_22)
FNDA:0,(anonymous_23)
FNDA:0,(anonymous_24)
FNDA:0,(anonymous_25)
FNDA:0,(anonymous_26)
FNDA:0,(anonymous_27)
DA:1,0
DA:21,0
DA:31,0
DA:32,0
DA:33,0
DA:40,0
DA:41,0
DA:42,0
DA:43,0
DA:44,0
DA:45,0
DA:46,0
DA:49,0
DA:50,0
DA:53,0
DA:54,0
DA:55,0
DA:58,0
DA:59,0
DA:60,0
DA:61,0
DA:63,0
DA:64,0
DA:65,0
DA:66,0
DA:68,0
DA:77,0
DA:78,0
DA:80,0
DA:84,0
DA:85,0
DA:86,0
DA:87,0
DA:90,0
DA:91,0
DA:92,0
DA:94,0
DA:105,0
DA:107,0
DA:108,0
DA:109,0
DA:111,0
DA:112,0
DA:115,0
DA:116,0
DA:117,0
DA:119,0
DA:123,0
DA:124,0
DA:125,0
DA:127,0
DA:128,0
DA:136,0
DA:138,0
DA:139,0
DA:140,0
DA:143,0
DA:149,0
DA:152,0
DA:153,0
DA:155,0
DA:159,0
DA:160,0
DA:165,0
DA:168,0
DA:169,0
DA:176,0
DA:239,0
DA:244,0
DA:264,0
DA:282,0
DA:287,0
DA:339,0
DA:353,0
DA:358,0
LF:75
LH:0
BRDA:63,0,0,0
BRDA:65,1,0,0
BRDA:65,2,0,0
BRDA:65,2,1,0
BRDA:85,3,0,0
BRDA:85,4,0,0
BRDA:85,4,1,0
BRDA:107,5,0,0
BRDA:107,5,1,0
BRDA:111,6,0,0
BRDA:111,6,1,0
BRDA:112,7,0,0
BRDA:112,7,1,0
BRDA:127,8,0,0
BRDA:127,8,1,0
BRDA:138,9,0,0
BRDA:138,9,1,0
BRDA:140,10,0,0
BRDA:140,10,1,0
BRDA:149,11,0,0
BRDA:149,11,1,0
BRDA:168,12,0,0
BRDA:188,13,0,0
BRDA:188,13,1,0
BRDA:189,14,0,0
BRDA:189,14,1,0
BRDA:195,15,0,0
BRDA:195,15,1,0
BRDA:202,16,0,0
BRDA:202,16,1,0
BRDA:206,17,0,0
BRDA:206,17,1,0
BRDA:236,18,0,0
BRDA:236,18,1,0
BRDA:247,19,0,0
BRDA:247,19,1,0
BRDA:279,20,0,0
BRDA:279,20,1,0
BRDA:281,21,0,0
BRDA:281,21,1,0
BRDA:290,22,0,0
BRDA:290,22,1,0
BRDA:299,23,0,0
BRDA:299,23,1,0
BRDA:299,23,2,0
BRDA:302,24,0,0
BRDA:302,24,1,0
BRDA:312,25,0,0
BRDA:312,25,1,0
BRDA:314,26,0,0
BRDA:314,26,1,0
BRDA:315,27,0,0
BRDA:315,27,1,0
BRDA:378,28,0,0
BRDA:378,28,1,0
BRDA:378,28,2,0
BRDA:381,29,0,0
BRDA:381,29,1,0
BRDA:387,30,0,0
BRDA:387,30,1,0
BRF:60
BRH:0
end_of_record
TN:
SF:src/admin/widgets/printify-product-management-widget.tsx
FN:40,(anonymous_9)
FN:59,(anonymous_10)
FN:64,(anonymous_11)
FN:66,(anonymous_12)
FN:69,(anonymous_13)
FN:96,(anonymous_14)
FN:112,(anonymous_15)
FN:123,(anonymous_16)
FN:138,(anonymous_17)
FN:165,(anonymous_18)
FN:201,(anonymous_19)
FN:205,(anonymous_20)
FN:209,(anonymous_21)
FN:277,(anonymous_22)
FN:285,(anonymous_23)
FN:326,(anonymous_24)
FN:332,(anonymous_25)
FN:338,(anonymous_26)
FN:390,(anonymous_27)
FN:396,(anonymous_28)
FN:448,(anonymous_29)
FN:473,(anonymous_30)
FN:480,(anonymous_31)
FNF:23
FNH:0
FNDA:0,(anonymous_9)
FNDA:0,(anonymous_10)
FNDA:0,(anonymous_11)
FNDA:0,(anonymous_12)
FNDA:0,(anonymous_13)
FNDA:0,(anonymous_14)
FNDA:0,(anonymous_15)
FNDA:0,(anonymous_16)
FNDA:0,(anonymous_17)
FNDA:0,(anonymous_18)
FNDA:0,(anonymous_19)
FNDA:0,(anonymous_20)
FNDA:0,(anonymous_21)
FNDA:0,(anonymous_22)
FNDA:0,(anonymous_23)
FNDA:0,(anonymous_24)
FNDA:0,(anonymous_25)
FNDA:0,(anonymous_26)
FNDA:0,(anonymous_27)
FNDA:0,(anonymous_28)
FNDA:0,(anonymous_29)
FNDA:0,(anonymous_30)
FNDA:0,(anonymous_31)
DA:1,0
DA:40,0
DA:41,0
DA:42,0
DA:43,0
DA:44,0
DA:45,0
DA:46,0
DA:47,0
DA:48,0
DA:49,0
DA:50,0
DA:57,0
DA:59,0
DA:60,0
DA:61,0
DA:64,0
DA:65,0
DA:66,0
DA:69,0
DA:70,0
DA:71,0
DA:72,0
DA:79,0
DA:80,0
DA:82,0
DA:83,0
DA:84,0
DA:86,0
DA:89,0
DA:90,0
DA:92,0
DA:96,0
DA:97,0
DA:98,0
DA:99,0
DA:100,0
DA:102,0
DA:103,0
DA:106,0
DA:108,0
DA:112,0
DA:113,0
DA:114,0
DA:115,0
DA:118,0
DA:120,0
DA:121,0
DA:123,0
DA:124,0
DA:125,0
DA:128,0
DA:131,0
DA:132,0
DA:134,0
DA:138,0
DA:139,0
DA:140,0
DA:141,0
DA:151,0
DA:152,0
DA:153,0
DA:154,0
DA:155,0
DA:157,0
DA:160,0
DA:161,0
DA:165,0
DA:166,0
DA:167,0
DA:168,0
DA:171,0
DA:172,0
DA:173,0
DA:184,0
DA:185,0
DA:186,0
DA:189,0
DA:190,0
DA:191,0
DA:193,0
DA:196,0
DA:197,0
DA:201,0
DA:202,0
DA:203,0
DA:205,0
DA:209,0
DA:210,0
DA:211,0
DA:212,0
DA:214,0
DA:216,0
DA:219,0
DA:278,0
DA:279,0
DA:286,0
DA:287,0
DA:326,0
DA:332,0
DA:338,0
DA:391,0
DA:396,0
DA:448,0
DA:473,0
DA:480,0
LF:106
LH:0
BRDA:75,0,0,0
BRDA:75,0,1,0
BRDA:76,1,0,0
BRDA:76,1,1,0
BRDA:82,2,0,0
BRDA:82,2,1,0
BRDA:102,3,0,0
BRDA:120,4,0,0
BRDA:120,4,1,0
BRDA:128,5,0,0
BRDA:128,5,1,0
BRDA:140,6,0,0
BRDA:140,6,1,0
BRDA:147,7,0,0
BRDA:147,7,1,0
BRDA:152,8,0,0
BRDA:152,8,1,0
BRDA:153,9,0,0
BRDA:153,9,1,0
BRDA:157,10,0,0
BRDA:157,10,1,0
BRDA:157,11,0,0
BRDA:157,11,1,0
BRDA:161,12,0,0
BRDA:161,12,1,0
BRDA:166,13,0,0
BRDA:172,14,0,0
BRDA:172,14,1,0
BRDA:180,15,0,0
BRDA:180,15,1,0
BRDA:185,16,0,0
BRDA:185,16,1,0
BRDA:187,17,0,0
BRDA:187,17,1,0
BRDA:193,18,0,0
BRDA:193,18,1,0
BRDA:193,19,0,0
BRDA:193,19,1,0
BRDA:197,20,0,0
BRDA:197,20,1,0
BRDA:202,21,0,0
BRDA:202,21,1,0
BRDA:211,22,0,0
BRDA:211,22,1,0
BRDA:231,23,0,0
BRDA:231,23,1,0
BRDA:232,24,0,0
BRDA:232,24,1,0
BRDA:238,25,0,0
BRDA:238,25,1,0
BRDA:238,25,2,0
BRDA:304,26,0,0
BRDA:304,26,1,0
BRDA:318,27,0,0
BRDA:318,27,1,0
BRDA:351,28,0,0
BRDA:351,28,1,0
BRDA:355,29,0,0
BRDA:355,29,1,0
BRDA:367,30,0,0
BRDA:367,30,1,0
BRDA:404,31,0,0
BRDA:404,31,1,0
BRDA:412,32,0,0
BRDA:412,32,1,0
BRDA:416,33,0,0
BRDA:416,33,1,0
BRDA:419,34,0,0
BRDA:419,34,1,0
BRDA:423,35,0,0
BRDA:423,35,1,0
BRDA:434,36,0,0
BRDA:434,36,1,0
BRDA:439,37,0,0
BRDA:439,37,1,0
BRDA:450,38,0,0
BRDA:450,38,1,0
BRDA:455,39,0,0
BRDA:455,39,1,0
BRDA:466,40,0,0
BRDA:466,40,1,0
BRF:81
BRH:0
end_of_record
TN:
SF:src/api/admin/printify/config/route.ts
FN:38,GET
FN:86,POST
FN:160,PUT
FNF:3
FNH:0
FNDA:0,GET
FNDA:0,POST
FNDA:0,PUT
DA:9,0
DA:10,0
DA:11,0
DA:12,0
DA:15,0
DA:23,0
DA:31,0
DA:32,0
DA:38,0
DA:39,0
DA:41,0
DA:43,0
DA:45,0
DA:47,0
DA:48,0
DA:53,0
DA:57,0
DA:72,0
DA:74,0
DA:86,0
DA:87,0
DA:88,0
DA:90,0
DA:93,0
DA:94,0
DA:95,0
DA:101,0
DA:104,0
DA:107,0
DA:110,0
DA:112,0
DA:113,0
DA:116,0
DA:120,0
DA:123,0
DA:137,0
DA:139,0
DA:140,0
DA:145,0
DA:148,0
DA:160,0
DA:161,0
DA:162,0
DA:164,0
DA:167,0
DA:168,0
DA:169,0
DA:175,0
DA:178,0
DA:181,0
DA:183,0
DA:188,0
DA:201,0
DA:203,0
DA:204,0
DA:209,0
DA:212,0
LF:57
LH:0
BRDA:41,0,0,0
BRDA:41,0,1,0
BRDA:47,1,0,0
BRDA:88,2,0,0
BRDA:88,2,1,0
BRDA:94,3,0,0
BRDA:110,4,0,0
BRDA:110,4,1,0
BRDA:123,5,0,0
BRDA:123,5,1,0
BRDA:125,6,0,0
BRDA:125,6,1,0
BRDA:139,7,0,0
BRDA:162,8,0,0
BRDA:162,8,1,0
BRDA:168,9,0,0
BRDA:203,10,0,0
BRDA:204,11,0,0
BRDA:204,11,1,0
BRF:19
BRH:0
end_of_record
TN:
SF:src/api/admin/printify/config/test/route.ts
FN:18,POST
FNF:1
FNH:0
FNDA:0,POST
DA:8,0
DA:9,0
DA:11,0
DA:12,0
DA:18,0
DA:19,0
DA:20,0
DA:22,0
DA:24,0
DA:26,0
DA:27,0
DA:29,0
DA:38,0
DA:40,0
DA:50,0
DA:52,0
LF:16
LH:0
BRDA:20,0,0,0
BRDA:20,0,1,0
BRDA:26,1,0,0
BRDA:26,1,1,0
BRDA:43,2,0,0
BRDA:43,2,1,0
BRF:6
BRH:0
end_of_record
TN:
SF:src/api/admin/printify/orders/route.ts
FN:44,(anonymous_0)
FN:58,GET
FN:87,(anonymous_2)
FN:109,(anonymous_3)
FN:146,POST
FN:167,(anonymous_5)
FNF:6
FNH:0
FNDA:0,(anonymous_0)
FNDA:0,GET
FNDA:0,(anonymous_2)
FNDA:0,(anonymous_3)
FNDA:0,POST
FNDA:0,(anonymous_5)
DA:2,0
DA:3,0
DA:5,0
DA:6,0
DA:7,0
DA:8,0
DA:11,0
DA:44,0
DA:45,0
DA:49,0
DA:50,0
DA:52,0
DA:58,0
DA:59,0
DA:60,0
DA:62,0
DA:74,0
DA:77,0
DA:85,0
DA:86,0
DA:87,0
DA:91,0
DA:92,0
DA:96,0
DA:97,0
DA:99,0
DA:100,0
DA:103,0
DA:104,0
DA:106,0
DA:109,0
DA:132,0
DA:134,0
DA:146,0
DA:147,0
DA:148,0
DA:150,0
DA:153,0
DA:154,0
DA:155,0
DA:161,0
DA:164,0
DA:167,0
DA:183,0
DA:184,0
DA:207,0
DA:209,0
DA:225,0
DA:227,0
LF:49
LH:0
BRDA:46,0,0,0
BRDA:46,0,1,0
BRDA:47,1,0,0
BRDA:47,1,1,0
BRDA:60,2,0,0
BRDA:60,2,1,0
BRDA:70,3,0,0
BRDA:71,4,0,0
BRDA:72,5,0,0
BRDA:73,6,0,0
BRDA:85,7,0,0
BRDA:86,8,0,0
BRDA:86,8,1,0
BRDA:91,9,0,0
BRDA:96,10,0,0
BRDA:99,11,0,0
BRDA:148,12,0,0
BRDA:148,12,1,0
BRDA:154,13,0,0
BRDA:175,14,0,0
BRDA:175,14,1,0
BRDA:198,15,0,0
BRDA:198,15,1,0
BRF:23
BRH:0
end_of_record
TN:
SF:src/api/admin/printify/orders/[id]/route.ts
FN:20,(anonymous_0)
FN:35,GET
FN:71,(anonymous_2)
FN:114,PATCH
FNF:4
FNH:0
FNDA:0,(anonymous_0)
FNDA:0,GET
FNDA:0,(anonymous_2)
FNDA:0,PATCH
DA:2,0
DA:3,0
DA:5,0
DA:6,0
DA:7,0
DA:10,0
DA:15,0
DA:20,0
DA:21,0
DA:25,0
DA:26,0
DA:29,0
DA:35,0
DA:36,0
DA:37,0
DA:38,0
DA:39,0
DA:40,0
DA:45,0
DA:47,0
DA:49,0
DA:50,0
DA:52,0
DA:53,0
DA:58,0
DA:61,0
DA:71,0
DA:100,0
DA:102,0
DA:114,0
DA:115,0
DA:116,0
DA:117,0
DA:118,0
DA:119,0
DA:124,0
DA:126,0
DA:129,0
DA:130,0
DA:131,0
DA:137,0
DA:140,0
DA:141,0
DA:144,0
DA:145,0
DA:146,0
DA:151,0
DA:155,0
DA:156,0
DA:163,0
DA:165,0
DA:167,0
DA:179,0
DA:181,0
LF:54
LH:0
BRDA:22,0,0,0
BRDA:22,0,1,0
BRDA:23,1,0,0
BRDA:23,1,1,0
BRDA:37,2,0,0
BRDA:37,2,1,0
BRDA:39,3,0,0
BRDA:52,4,0,0
BRDA:116,5,0,0
BRDA:116,5,1,0
BRDA:118,6,0,0
BRDA:130,7,0,0
BRDA:145,8,0,0
BRDA:155,9,0,0
BRF:14
BRH:0
end_of_record
TN:
SF:src/api/admin/printify/orders/[id]/cancel/route.ts
FN:8,(anonymous_0)
FN:23,POST
FNF:2
FNH:0
FNDA:0,(anonymous_0)
FNDA:0,POST
DA:2,0
DA:3,0
DA:4,0
DA:5,0
DA:8,0
DA:9,0
DA:13,0
DA:14,0
DA:17,0
DA:23,0
DA:24,0
DA:25,0
DA:26,0
DA:28,0
DA:29,0
DA:34,0
DA:37,0
DA:39,0
DA:42,0
DA:43,0
DA:44,0
DA:49,0
DA:53,0
DA:55,0
DA:68,0
DA:70,0
LF:26
LH:0
BRDA:10,0,0,0
BRDA:10,0,1,0
BRDA:11,1,0,0
BRDA:11,1,1,0
BRDA:25,2,0,0
BRDA:25,2,1,0
BRDA:28,3,0,0
BRDA:43,4,0,0
BRF:8
BRH:0
end_of_record
TN:
SF:src/api/admin/printify/orders/[id]/submit/route.ts
FN:9,(anonymous_0)
FN:24,POST
FNF:2
FNH:0
FNDA:0,(anonymous_0)
FNDA:0,POST
DA:2,0
DA:3,0
DA:4,0
DA:5,0
DA:6,0
DA:9,0
DA:10,0
DA:14,0
DA:15,0
DA:18,0
DA:24,0
DA:25,0
DA:26,0
DA:27,0
DA:29,0
DA:30,0
DA:35,0
DA:38,0
DA:40,0
DA:43,0
DA:44,0
DA:45,0
DA:50,0
DA:54,0
DA:55,0
DA:60,0
DA:64,0
DA:66,0
DA:80,0
DA:82,0
LF:30
LH:0
BRDA:11,0,0,0
BRDA:11,0,1,0
BRDA:12,1,0,0
BRDA:12,1,1,0
BRDA:26,2,0,0
BRDA:26,2,1,0
BRDA:29,3,0,0
BRDA:44,4,0,0
BRDA:54,5,0,0
BRF:9
BRH:0
end_of_record
TN:
SF:src/api/admin/printify/orders/[id]/sync/route.ts
FN:8,(anonymous_0)
FN:23,POST
FNF:2
FNH:0
FNDA:0,(anonymous_0)
FNDA:0,POST
DA:2,0
DA:3,0
DA:4,0
DA:5,0
DA:8,0
DA:9,0
DA:13,0
DA:14,0
DA:17,0
DA:23,0
DA:24,0
DA:25,0
DA:26,0
DA:28,0
DA:29,0
DA:34,0
DA:37,0
DA:39,0
DA:42,0
DA:43,0
DA:44,0
DA:49,0
DA:53,0
DA:55,0
DA:69,0
DA:71,0
LF:26
LH:0
BRDA:10,0,0,0
BRDA:10,0,1,0
BRDA:11,1,0,0
BRDA:11,1,1,0
BRDA:25,2,0,0
BRDA:25,2,1,0
BRDA:28,3,0,0
BRDA:43,4,0,0
BRF:8
BRH:0
end_of_record
TN:
SF:src/api/admin/printify/orders/stats/route.ts
FN:8,(anonymous_0)
FN:23,GET
FNF:2
FNH:0
FNDA:0,(anonymous_0)
FNDA:0,GET
DA:2,0
DA:3,0
DA:4,0
DA:5,0
DA:8,0
DA:9,0
DA:13,0
DA:14,0
DA:17,0
DA:23,0
DA:24,0
DA:25,0
DA:27,0
DA:33,0
DA:35,0
DA:40,0
DA:41,0
DA:43,0
DA:44,0
DA:47,0
DA:49,0
DA:71,0
DA:73,0
LF:23
LH:0
BRDA:10,0,0,0
BRDA:10,0,1,0
BRDA:11,1,0,0
BRDA:11,1,1,0
BRDA:25,2,0,0
BRDA:25,2,1,0
BRDA:40,3,0,0
BRDA:43,4,0,0
BRF:8
BRH:0
end_of_record
TN:
SF:src/api/admin/printify/products/route.ts
FN:19,(anonymous_0)
FN:20,(anonymous_1)
FN:21,(anonymous_2)
FN:28,getProductService
FN:54,GET
FN:97,(anonymous_5)
FNF:6
FNH:0
FNDA:0,(anonymous_0)
FNDA:0,(anonymous_1)
FNDA:0,(anonymous_2)
FNDA:0,getProductService
FNDA:0,GET
FNDA:0,(anonymous_5)
DA:9,0
DA:10,0
DA:11,0
DA:12,0
DA:14,0
DA:15,0
DA:18,0
DA:19,0
DA:20,0
DA:21,0
DA:29,0
DA:30,0
DA:32,0
DA:33,0
DA:41,0
DA:45,0
DA:48,0
DA:54,0
DA:55,0
DA:56,0
DA:58,0
DA:61,0
DA:62,0
DA:63,0
DA:69,0
DA:72,0
DA:75,0
DA:78,0
DA:87,0
DA:94,0
DA:97,0
DA:129,0
DA:131,0
DA:132,0
DA:137,0
DA:140,0
LF:36
LH:0
BRDA:21,0,0,0
BRDA:21,0,1,0
BRDA:32,1,0,0
BRDA:56,2,0,0
BRDA:56,2,1,0
BRDA:62,3,0,0
BRDA:131,4,0,0
BRF:7
BRH:0
end_of_record
TN:
SF:src/api/admin/printify/products/[id]/disable/route.ts
FN:10,getProductService
FN:41,POST
FNF:2
FNH:0
FNDA:0,getProductService
FNDA:0,POST
DA:2,0
DA:3,0
DA:4,0
DA:5,0
DA:6,0
DA:7,0
DA:11,0
DA:12,0
DA:14,0
DA:15,0
DA:23,0
DA:27,0
DA:30,0
DA:33,0
DA:41,0
DA:42,0
DA:43,0
DA:44,0
DA:45,0
DA:47,0
DA:48,0
DA:53,0
DA:56,0
DA:59,0
DA:60,0
DA:61,0
DA:67,0
DA:70,0
DA:73,0
DA:76,0
DA:78,0
DA:85,0
DA:97,0
DA:103,0
DA:104,0
DA:105,0
DA:110,0
DA:113,0
LF:38
LH:0
BRDA:14,0,0,0
BRDA:43,1,0,0
BRDA:43,1,1,0
BRDA:45,2,0,0
BRDA:45,2,1,0
BRDA:47,3,0,0
BRDA:60,4,0,0
BRDA:103,5,0,0
BRDA:104,6,0,0
BRDA:104,6,1,0
BRF:10
BRH:0
end_of_record
TN:
SF:src/api/admin/printify/products/[id]/enable/route.ts
FN:10,getProductService
FN:41,POST
FNF:2
FNH:0
FNDA:0,getProductService
FNDA:0,POST
DA:2,0
DA:3,0
DA:4,0
DA:5,0
DA:6,0
DA:7,0
DA:11,0
DA:12,0
DA:14,0
DA:15,0
DA:23,0
DA:27,0
DA:30,0
DA:33,0
DA:41,0
DA:42,0
DA:43,0
DA:44,0
DA:45,0
DA:47,0
DA:48,0
DA:53,0
DA:56,0
DA:59,0
DA:60,0
DA:61,0
DA:67,0
DA:70,0
DA:73,0
DA:76,0
DA:78,0
DA:85,0
DA:97,0
DA:103,0
DA:104,0
DA:105,0
DA:110,0
DA:113,0
LF:38
LH:0
BRDA:14,0,0,0
BRDA:43,1,0,0
BRDA:43,1,1,0
BRDA:45,2,0,0
BRDA:45,2,1,0
BRDA:47,3,0,0
BRDA:60,4,0,0
BRDA:103,5,0,0
BRDA:104,6,0,0
BRDA:104,6,1,0
BRF:10
BRH:0
end_of_record
TN:
SF:src/api/admin/printify/products/bulk-disable/route.ts
FN:10,getProductService
FN:42,POST
FNF:2
FNH:0
FNDA:0,getProductService
FNDA:0,POST
DA:2,0
DA:3,0
DA:4,0
DA:5,0
DA:6,0
DA:7,0
DA:11,0
DA:12,0
DA:14,0
DA:15,0
DA:23,0
DA:27,0
DA:30,0
DA:33,0
DA:42,0
DA:43,0
DA:44,0
DA:45,0
DA:47,0
DA:50,0
DA:51,0
DA:52,0
DA:58,0
DA:61,0
DA:64,0
DA:67,0
DA:69,0
DA:77,0
DA:88,0
DA:93,0
DA:94,0
DA:95,0
DA:100,0
DA:103,0
LF:34
LH:0
BRDA:14,0,0,0
BRDA:44,1,0,0
BRDA:44,1,1,0
BRDA:45,2,0,0
BRDA:45,2,1,0
BRDA:51,3,0,0
BRDA:93,4,0,0
BRDA:94,5,0,0
BRDA:94,5,1,0
BRF:9
BRH:0
end_of_record
TN:
SF:src/api/admin/printify/products/bulk-enable/route.ts
FN:10,getProductService
FN:42,POST
FNF:2
FNH:0
FNDA:0,getProductService
FNDA:0,POST
DA:2,0
DA:3,0
DA:4,0
DA:5,0
DA:6,0
DA:7,0
DA:11,0
DA:12,0
DA:14,0
DA:15,0
DA:23,0
DA:27,0
DA:30,0
DA:33,0
DA:42,0
DA:43,0
DA:44,0
DA:45,0
DA:47,0
DA:50,0
DA:51,0
DA:52,0
DA:58,0
DA:61,0
DA:64,0
DA:67,0
DA:69,0
DA:77,0
DA:88,0
DA:93,0
DA:94,0
DA:95,0
DA:100,0
DA:103,0
LF:34
LH:0
BRDA:14,0,0,0
BRDA:44,1,0,0
BRDA:44,1,1,0
BRDA:45,2,0,0
BRDA:45,2,1,0
BRDA:51,3,0,0
BRDA:93,4,0,0
BRDA:94,5,0,0
BRDA:94,5,1,0
BRF:9
BRH:0
end_of_record
TN:
SF:src/api/admin/printify/products/sync/route.ts
FN:7,(anonymous_0)
FN:22,POST
FNF:2
FNH:0
FNDA:0,(anonymous_0)
FNDA:0,POST
DA:2,0
DA:3,0
DA:4,0
DA:7,0
DA:8,0
DA:12,0
DA:13,0
DA:16,0
DA:22,0
DA:23,0
DA:24,0
DA:26,0
DA:28,0
DA:31,0
DA:33,0
DA:46,0
DA:48,0
LF:17
LH:0
BRDA:9,0,0,0
BRDA:9,0,1,0
BRDA:10,1,0,0
BRDA:10,1,1,0
BRDA:24,2,0,0
BRDA:24,2,1,0
BRDA:38,3,0,0
BRDA:38,3,1,0
BRDA:39,4,0,0
BRDA:39,4,1,0
BRDA:40,5,0,0
BRDA:40,5,1,0
BRF:12
BRH:0
end_of_record
TN:
SF:src/config/env.ts
FN:11,(anonymous_0)
FN:15,(anonymous_1)
FN:16,(anonymous_2)
FN:22,(anonymous_3)
FN:35,validateConfig
FNF:5
FNH:0
FNDA:0,(anonymous_0)
FNDA:0,(anonymous_1)
FNDA:0,(anonymous_2)
FNDA:0,(anonymous_3)
FNDA:0,validateConfig
DA:1,0
DA:4,0
DA:11,0
DA:15,0
DA:16,0
DA:22,0
DA:35,0
DA:36,0
DA:37,0
DA:39,0
DA:40,0
DA:45,0
LF:12
LH:0
BRDA:16,0,0,0
BRDA:16,0,1,0
BRF:2
BRH:0
end_of_record
TN:
SF:src/modules/printify/module.ts
FN:20,(anonymous_0)
FNF:1
FNH:0
FNDA:0,(anonymous_0)
DA:8,0
DA:17,0
DA:24,0
LF:3
LH:0
BRF:0
BRH:0
end_of_record
TN:
SF:src/modules/printify/api/storefront/products.ts
FN:17,createStorefrontProductRoutes
FN:26,(anonymous_1)
FN:68,(anonymous_2)
FN:116,(anonymous_3)
FN:152,(anonymous_4)
FN:203,(anonymous_5)
FN:216,(anonymous_6)
FN:257,(anonymous_7)
FN:349,(anonymous_8)
FN:376,(anonymous_9)
FN:420,(anonymous_10)
FN:444,(anonymous_11)
FNF:12
FNH:0
FNDA:0,createStorefrontProductRoutes
FNDA:0,(anonymous_1)
FNDA:0,(anonymous_2)
FNDA:0,(anonymous_3)
FNDA:0,(anonymous_4)
FNDA:0,(anonymous_5)
FNDA:0,(anonymous_6)
FNDA:0,(anonymous_7)
FNDA:0,(anonymous_8)
FNDA:0,(anonymous_9)
FNDA:0,(anonymous_10)
FNDA:0,(anonymous_11)
DA:8,0
DA:11,0
DA:12,0
DA:17,0
DA:20,0
DA:26,0
DA:27,0
DA:28,0
DA:29,0
DA:30,0
DA:31,0
DA:32,0
DA:33,0
DA:34,0
DA:35,0
DA:37,0
DA:50,0
DA:65,0
DA:67,0
DA:68,0
DA:89,0
DA:95,0
DA:97,0
DA:102,0
DA:116,0
DA:117,0
DA:118,0
DA:119,0
DA:120,0
DA:121,0
DA:123,0
DA:124,0
DA:131,0
DA:134,0
DA:143,0
DA:149,0
DA:151,0
DA:152,0
DA:175,0
DA:182,0
DA:184,0
DA:189,0
DA:203,0
DA:204,0
DA:205,0
DA:207,0
DA:213,0
DA:215,0
DA:216,0
DA:232,0
DA:236,0
DA:238,0
DA:243,0
DA:257,0
DA:258,0
DA:259,0
DA:261,0
DA:262,0
DA:269,0
DA:272,0
DA:274,0
DA:281,0
DA:283,0
DA:284,0
DA:285,0
DA:292,0
DA:295,0
DA:313,0
DA:318,0
DA:320,0
DA:325,0
DA:326,0
DA:334,0
DA:349,0
DA:350,0
DA:351,0
DA:353,0
DA:354,0
DA:361,0
DA:364,0
DA:366,0
DA:373,0
DA:375,0
DA:376,0
DA:393,0
DA:398,0
DA:400,0
DA:406,0
DA:420,0
DA:421,0
DA:422,0
DA:424,0
DA:425,0
DA:432,0
DA:435,0
DA:441,0
DA:443,0
DA:444,0
DA:461,0
DA:466,0
DA:468,0
DA:473,0
DA:483,0
LF:103
LH:0
BRDA:28,0,0,0
BRDA:28,0,1,0
BRDA:29,1,0,0
BRDA:29,1,1,0
BRDA:33,2,0,0
BRDA:33,2,1,0
BRDA:34,3,0,0
BRDA:34,3,1,0
BRDA:54,4,0,0
BRDA:54,4,1,0
BRDA:119,5,0,0
BRDA:119,5,1,0
BRDA:120,6,0,0
BRDA:120,6,1,0
BRDA:123,7,0,0
BRDA:123,8,0,0
BRDA:123,8,1,0
BRDA:205,9,0,0
BRDA:205,9,1,0
BRDA:261,10,0,0
BRDA:283,11,0,0
BRDA:325,12,0,0
BRDA:325,12,1,0
BRDA:325,13,0,0
BRDA:325,13,1,0
BRDA:353,14,0,0
BRDA:364,15,0,0
BRDA:364,15,1,0
BRDA:424,16,0,0
BRF:29
BRH:0
end_of_record
TN:
SF:src/modules/printify/migrations/001-create-printify-tables.ts
FN:13,(anonymous_0)
FN:22,(anonymous_1)
FN:109,(anonymous_2)
FNF:3
FNH:0
FNDA:0,(anonymous_0)
FNDA:0,(anonymous_1)
FNDA:0,(anonymous_2)
DA:1,0
DA:12,0
DA:14,0
DA:19,0
DA:23,0
DA:29,0
DA:43,0
DA:60,0
DA:78,0
DA:95,0
DA:106,0
DA:110,0
DA:113,0
DA:116,0
DA:119,0
DA:122,0
DA:125,0
LF:17
LH:0
BRF:0
BRH:0
end_of_record
TN:
SF:src/modules/printify/migrations/base.ts
FN:26,(anonymous_0)
FN:36,(anonymous_1)
FN:43,(anonymous_2)
FN:65,(anonymous_3)
FN:73,(anonymous_4)
FN:75,(anonymous_5)
FN:81,(anonymous_6)
FN:89,(anonymous_7)
FN:97,(anonymous_8)
FN:98,(anonymous_9)
FNF:10
FNH:0
FNDA:0,(anonymous_0)
FNDA:0,(anonymous_1)
FNDA:0,(anonymous_2)
FNDA:0,(anonymous_3)
FNDA:0,(anonymous_4)
FNDA:0,(anonymous_5)
FNDA:0,(anonymous_6)
FNDA:0,(anonymous_7)
FNDA:0,(anonymous_8)
FNDA:0,(anonymous_9)
DA:23,0
DA:27,0
DA:37,0
DA:44,0
DA:45,0
DA:51,0
DA:58,0
DA:59,0
DA:60,0
DA:66,0
DA:67,0
DA:74,0
DA:75,0
DA:82,0
DA:83,0
DA:90,0
DA:91,0
DA:98,0
DA:103,0
LF:19
LH:0
BRF:0
BRH:0
end_of_record
TN:
SF:src/modules/printify/models/printify-cart-item.ts
FN:49,(anonymous_0)
FN:72,(anonymous_1)
FN:79,(anonymous_2)
FN:96,(anonymous_3)
FN:108,(anonymous_4)
FN:116,(anonymous_5)
FN:144,(anonymous_6)
FN:151,(anonymous_7)
FN:158,(anonymous_8)
FN:166,(anonymous_9)
FN:173,(anonymous_10)
FN:183,(anonymous_11)
FN:191,(anonymous_12)
FN:198,(anonymous_13)
FN:200,(anonymous_14)
FN:201,(anonymous_15)
FN:210,(anonymous_16)
FN:220,(anonymous_17)
FN:228,(anonymous_18)
FN:280,(anonymous_19)
FN:314,(anonymous_20)
FN:344,(anonymous_21)
FNF:22
FNH:5
FNDA:20,(anonymous_0)
FNDA:20,(anonymous_1)
FNDA:0,(anonymous_2)
FNDA:0,(anonymous_3)
FNDA:0,(anonymous_4)
FNDA:0,(anonymous_5)
FNDA:0,(anonymous_6)
FNDA:0,(anonymous_7)
FNDA:0,(anonymous_8)
FNDA:0,(anonymous_9)
FNDA:0,(anonymous_10)
FNDA:0,(anonymous_11)
FNDA:0,(anonymous_12)
FNDA:0,(anonymous_13)
FNDA:0,(anonymous_14)
FNDA:0,(anonymous_15)
FNDA:0,(anonymous_16)
FNDA:4,(anonymous_17)
FNDA:3,(anonymous_18)
FNDA:0,(anonymous_19)
FNDA:20,(anonymous_20)
FNDA:0,(anonymous_21)
DA:34,2
DA:50,20
DA:51,20
DA:52,20
DA:53,20
DA:54,20
DA:55,20
DA:56,20
DA:57,20
DA:58,20
DA:63,20
DA:64,20
DA:65,20
DA:66,20
DA:73,20
DA:80,0
DA:81,0
DA:84,0
DA:86,0
DA:87,0
DA:90,0
DA:97,0
DA:102,0
DA:109,0
DA:110,0
DA:117,0
DA:119,0
DA:120,0
DA:123,0
DA:124,0
DA:127,0
DA:128,0
DA:131,0
DA:132,0
DA:135,0
DA:145,0
DA:152,0
DA:159,0
DA:160,0
DA:167,0
DA:174,0
DA:176,0
DA:177,0
DA:184,0
DA:185,0
DA:192,0
DA:199,0
DA:200,0
DA:201,0
DA:204,0
DA:213,0
DA:214,0
DA:222,4
DA:229,3
DA:231,3
DA:232,0
DA:235,3
DA:236,0
DA:239,3
DA:240,0
DA:243,3
DA:244,0
DA:247,3
DA:248,0
DA:251,3
DA:252,0
DA:255,3
DA:256,0
DA:259,3
DA:260,0
DA:263,3
DA:264,0
DA:267,3
DA:268,0
DA:271,3
DA:281,0
DA:325,20
DA:345,0
DA:349,0
LF:79
LH:29
BRDA:50,0,0,20
BRDA:50,0,1,20
BRDA:51,1,0,20
BRDA:51,1,1,0
BRDA:52,2,0,20
BRDA:52,2,1,0
BRDA:53,3,0,20
BRDA:53,3,1,0
BRDA:54,4,0,20
BRDA:54,4,1,0
BRDA:55,5,0,20
BRDA:55,5,1,0
BRDA:56,6,0,20
BRDA:56,6,1,0
BRDA:57,7,0,20
BRDA:57,7,1,0
BRDA:58,8,0,20
BRDA:58,8,1,0
BRDA:64,9,0,20
BRDA:64,9,1,20
BRDA:65,10,0,20
BRDA:65,10,1,20
BRDA:66,11,0,20
BRDA:66,11,1,20
BRDA:86,12,0,0
BRDA:100,13,0,0
BRDA:100,13,1,0
BRDA:119,14,0,0
BRDA:123,15,0,0
BRDA:127,16,0,0
BRDA:131,17,0,0
BRDA:131,18,0,0
BRDA:131,18,1,0
BRDA:132,19,0,0
BRDA:132,19,1,0
BRDA:159,20,0,0
BRDA:167,21,0,0
BRDA:167,21,1,0
BRDA:174,22,0,0
BRDA:174,23,0,0
BRDA:174,23,1,0
BRDA:184,24,0,0
BRDA:184,25,0,0
BRDA:184,25,1,0
BRDA:204,26,0,0
BRDA:204,26,1,0
BRDA:222,27,0,4
BRDA:222,27,1,4
BRDA:231,28,0,0
BRDA:235,29,0,0
BRDA:239,30,0,0
BRDA:243,31,0,0
BRDA:247,32,0,0
BRDA:251,33,0,0
BRDA:255,34,0,0
BRDA:259,35,0,0
BRDA:263,36,0,0
BRDA:263,37,0,3
BRDA:263,37,1,0
BRDA:267,38,0,0
BRDA:267,39,0,3
BRDA:267,39,1,0
BRDA:321,40,0,0
BRDA:323,41,0,0
BRF:64
BRH:20
end_of_record
TN:
SF:src/modules/printify/models/printify-configuration.ts
FNF:0
FNH:0
DA:7,1
DA:18,1
DA:28,1
LF:3
LH:3
BRF:0
BRH:0
end_of_record
TN:
SF:src/modules/printify/models/printify-order.ts
FN:10,(anonymous_0)
FNF:1
FNH:1
FNDA:1,(anonymous_0)
DA:8,1
DA:10,1
DA:11,1
DA:12,1
DA:13,1
DA:14,1
DA:15,1
DA:16,1
DA:17,1
DA:18,1
DA:21,1
DA:36,1
LF:12
LH:12
BRDA:10,0,0,1
BRDA:10,0,1,1
BRF:2
BRH:2
end_of_record
TN:
SF:src/modules/printify/models/printify-product-variant.ts
FN:56,(anonymous_0)
FN:81,(anonymous_1)
FN:92,(anonymous_2)
FN:105,(anonymous_3)
FN:112,(anonymous_4)
FN:122,(anonymous_5)
FN:137,(anonymous_6)
FN:139,(anonymous_7)
FN:140,(anonymous_8)
FN:148,(anonymous_9)
FN:149,(anonymous_10)
FN:155,(anonymous_11)
FN:186,(anonymous_12)
FN:196,(anonymous_13)
FN:219,(anonymous_14)
FN:263,(anonymous_15)
FNF:16
FNH:0
FNDA:0,(anonymous_0)
FNDA:0,(anonymous_1)
FNDA:0,(anonymous_2)
FNDA:0,(anonymous_3)
FNDA:0,(anonymous_4)
FNDA:0,(anonymous_5)
FNDA:0,(anonymous_6)
FNDA:0,(anonymous_7)
FNDA:0,(anonymous_8)
FNDA:0,(anonymous_9)
FNDA:0,(anonymous_10)
FNDA:0,(anonymous_11)
FNDA:0,(anonymous_12)
FNDA:0,(anonymous_13)
FNDA:0,(anonymous_14)
FNDA:0,(anonymous_15)
DA:34,0
DA:57,0
DA:58,0
DA:59,0
DA:60,0
DA:61,0
DA:62,0
DA:63,0
DA:64,0
DA:65,0
DA:70,0
DA:71,0
DA:72,0
DA:73,0
DA:74,0
DA:75,0
DA:82,0
DA:86,0
DA:93,0
DA:95,0
DA:99,0
DA:106,0
DA:113,0
DA:115,0
DA:116,0
DA:123,0
DA:125,0
DA:126,0
DA:127,0
DA:131,0
DA:138,0
DA:139,0
DA:140,0
DA:142,0
DA:149,0
DA:156,0
DA:157,0
DA:160,0
DA:161,0
DA:165,0
DA:166,0
DA:170,0
DA:171,0
DA:172,0
DA:173,0
DA:180,0
DA:187,0
DA:188,0
DA:189,0
DA:197,0
DA:199,0
DA:200,0
DA:201,0
DA:202,0
DA:203,0
DA:204,0
DA:205,0
DA:206,0
DA:207,0
DA:208,0
DA:210,0
DA:213,0
DA:220,0
DA:222,0
DA:223,0
DA:226,0
DA:227,0
DA:230,0
DA:231,0
DA:234,0
DA:235,0
DA:238,0
DA:239,0
DA:242,0
DA:243,0
DA:246,0
DA:247,0
DA:250,0
DA:251,0
DA:254,0
DA:264,0
LF:81
LH:0
BRDA:57,0,0,0
BRDA:57,0,1,0
BRDA:58,1,0,0
BRDA:58,1,1,0
BRDA:59,2,0,0
BRDA:59,2,1,0
BRDA:60,3,0,0
BRDA:60,3,1,0
BRDA:61,4,0,0
BRDA:61,4,1,0
BRDA:62,5,0,0
BRDA:62,5,1,0
BRDA:63,6,0,0
BRDA:63,6,1,0
BRDA:64,7,0,0
BRDA:64,7,1,0
BRDA:65,8,0,0
BRDA:65,8,1,0
BRDA:72,9,0,0
BRDA:72,9,1,0
BRDA:73,10,0,0
BRDA:73,10,1,0
BRDA:74,11,0,0
BRDA:74,11,1,0
BRDA:75,12,0,0
BRDA:75,12,1,0
BRDA:93,13,0,0
BRDA:106,14,0,0
BRDA:106,14,1,0
BRDA:113,15,0,0
BRDA:113,16,0,0
BRDA:113,16,1,0
BRDA:123,17,0,0
BRDA:123,18,0,0
BRDA:123,18,1,0
BRDA:125,19,0,0
BRDA:125,20,0,0
BRDA:125,20,1,0
BRDA:126,21,0,0
BRDA:126,22,0,0
BRDA:126,22,1,0
BRDA:126,23,0,0
BRDA:126,23,1,0
BRDA:142,24,0,0
BRDA:142,24,1,0
BRDA:149,25,0,0
BRDA:149,25,1,0
BRDA:149,25,2,0
BRDA:156,26,0,0
BRDA:160,27,0,0
BRDA:165,28,0,0
BRDA:170,29,0,0
BRDA:170,30,0,0
BRDA:170,30,1,0
BRDA:171,31,0,0
BRDA:171,31,1,0
BRDA:172,32,0,0
BRDA:172,33,0,0
BRDA:172,33,1,0
BRDA:187,34,0,0
BRDA:187,35,0,0
BRDA:187,35,1,0
BRDA:197,36,0,0
BRDA:199,37,0,0
BRDA:199,38,0,0
BRDA:199,38,1,0
BRDA:200,39,0,0
BRDA:200,39,1,0
BRDA:201,40,0,0
BRDA:201,40,1,0
BRDA:205,41,0,0
BRDA:222,42,0,0
BRDA:226,43,0,0
BRDA:230,44,0,0
BRDA:234,45,0,0
BRDA:238,46,0,0
BRDA:242,47,0,0
BRDA:246,48,0,0
BRDA:246,49,0,0
BRDA:246,49,1,0
BRDA:250,50,0,0
BRDA:250,51,0,0
BRDA:250,51,1,0
BRDA:250,51,2,0
BRF:84
BRH:0
end_of_record
TN:
SF:src/modules/printify/models/printify-product.ts
FNF:0
FNH:0
DA:7,1
DA:9,1
DA:25,1
LF:3
LH:3
BRF:0
BRH:0
end_of_record
TN:
SF:src/modules/printify/models/product-enablement-history.ts
FN:45,(anonymous_0)
FN:62,(anonymous_1)
FN:69,(anonymous_2)
FN:76,(anonymous_3)
FN:94,(anonymous_4)
FN:113,(anonymous_5)
FN:147,(anonymous_6)
FN:154,(anonymous_7)
FN:171,(anonymous_8)
FN:188,(anonymous_9)
FN:206,(anonymous_10)
FNF:11
FNH:0
FNDA:0,(anonymous_0)
FNDA:0,(anonymous_1)
FNDA:0,(anonymous_2)
FNDA:0,(anonymous_3)
FNDA:0,(anonymous_4)
FNDA:0,(anonymous_5)
FNDA:0,(anonymous_6)
FNDA:0,(anonymous_7)
FNDA:0,(anonymous_8)
FNDA:0,(anonymous_9)
FNDA:0,(anonymous_10)
DA:32,0
DA:46,0
DA:47,0
DA:48,0
DA:49,0
DA:50,0
DA:51,0
DA:52,0
DA:53,0
DA:54,0
DA:55,0
DA:56,0
DA:63,0
DA:70,0
DA:77,0
DA:79,0
DA:81,0
DA:83,0
DA:85,0
DA:87,0
DA:95,0
DA:124,0
DA:125,0
DA:127,0
DA:141,0
DA:148,0
DA:161,0
DA:178,0
DA:196,0
DA:214,0
LF:30
LH:0
BRDA:77,0,0,0
BRDA:77,0,1,0
BRDA:77,0,2,0
BRDA:77,0,3,0
BRDA:77,0,4,0
BRF:5
BRH:0
end_of_record
TN:
SF:src/modules/printify/models/sync-log.ts
FN:50,(anonymous_0)
FN:69,(anonymous_1)
FN:77,(anonymous_2)
FN:86,(anonymous_3)
FN:97,(anonymous_4)
FN:106,(anonymous_5)
FN:115,(anonymous_6)
FN:123,(anonymous_7)
FN:134,(anonymous_8)
FN:150,(anonymous_9)
FN:157,(anonymous_10)
FN:164,(anonymous_11)
FN:171,(anonymous_12)
FN:192,(anonymous_13)
FNF:14
FNH:0
FNDA:0,(anonymous_0)
FNDA:0,(anonymous_1)
FNDA:0,(anonymous_2)
FNDA:0,(anonymous_3)
FNDA:0,(anonymous_4)
FNDA:0,(anonymous_5)
FNDA:0,(anonymous_6)
FNDA:0,(anonymous_7)
FNDA:0,(anonymous_8)
FNDA:0,(anonymous_9)
FNDA:0,(anonymous_10)
FNDA:0,(anonymous_11)
FNDA:0,(anonymous_12)
FNDA:0,(anonymous_13)
DA:35,0
DA:51,0
DA:52,0
DA:53,0
DA:54,0
DA:55,0
DA:56,0
DA:57,0
DA:58,0
DA:59,0
DA:60,0
DA:61,0
DA:62,0
DA:63,0
DA:70,0
DA:71,0
DA:78,0
DA:79,0
DA:80,0
DA:87,0
DA:88,0
DA:89,0
DA:90,0
DA:91,0
DA:98,0
DA:99,0
DA:100,0
DA:107,0
DA:108,0
DA:109,0
DA:116,0
DA:117,0
DA:124,0
DA:125,0
DA:128,0
DA:135,0
DA:136,0
DA:138,0
DA:151,0
DA:158,0
DA:165,0
DA:172,0
DA:197,0
DA:198,0
DA:200,0
DA:213,0
LF:46
LH:0
BRDA:124,0,0,0
BRDA:136,1,0,0
BRDA:136,1,1,0
BRDA:151,2,0,0
BRDA:151,2,1,0
BRDA:158,3,0,0
BRDA:158,3,1,0
BRDA:165,4,0,0
BRDA:165,4,1,0
BRDA:165,4,2,0
BRDA:208,5,0,0
BRDA:208,5,1,0
BRF:12
BRH:0
end_of_record
TN:
SF:src/modules/printify/services/enhanced-printify-order-service.ts
FN:19,(anonymous_0)
FN:27,(anonymous_1)
FN:34,(anonymous_2)
FN:81,(anonymous_3)
FN:85,(anonymous_4)
FN:134,(anonymous_5)
FN:138,(anonymous_6)
FN:180,(anonymous_7)
FN:184,(anonymous_8)
FN:226,(anonymous_9)
FN:233,(anonymous_10)
FN:272,(anonymous_11)
FN:280,(anonymous_12)
FN:315,(anonymous_13)
FN:345,(anonymous_14)
FN:385,(anonymous_15)
FNF:16
FNH:0
FNDA:0,(anonymous_0)
FNDA:0,(anonymous_1)
FNDA:0,(anonymous_2)
FNDA:0,(anonymous_3)
FNDA:0,(anonymous_4)
FNDA:0,(anonymous_5)
FNDA:0,(anonymous_6)
FNDA:0,(anonymous_7)
FNDA:0,(anonymous_8)
FNDA:0,(anonymous_9)
FNDA:0,(anonymous_10)
FNDA:0,(anonymous_11)
FNDA:0,(anonymous_12)
FNDA:0,(anonymous_13)
FNDA:0,(anonymous_14)
FNDA:0,(anonymous_15)
DA:8,0
DA:12,0
DA:13,0
DA:15,0
DA:17,0
DA:20,0
DA:21,0
DA:28,0
DA:33,0
DA:35,0
DA:36,0
DA:42,0
DA:44,0
DA:50,0
DA:53,0
DA:54,0
DA:55,0
DA:61,0
DA:62,0
DA:70,0
DA:82,0
DA:84,0
DA:86,0
DA:87,0
DA:89,0
DA:91,0
DA:97,0
DA:99,0
DA:100,0
DA:101,0
DA:107,0
DA:108,0
DA:114,0
DA:115,0
DA:123,0
DA:135,0
DA:137,0
DA:139,0
DA:140,0
DA:142,0
DA:144,0
DA:150,0
DA:152,0
DA:153,0
DA:154,0
DA:160,0
DA:161,0
DA:169,0
DA:181,0
DA:183,0
DA:185,0
DA:186,0
DA:188,0
DA:190,0
DA:196,0
DA:198,0
DA:199,0
DA:200,0
DA:206,0
DA:207,0
DA:215,0
DA:227,0
DA:232,0
DA:234,0
DA:235,0
DA:241,0
DA:243,0
DA:249,0
DA:251,0
DA:252,0
DA:253,0
DA:261,0
DA:273,0
DA:279,0
DA:281,0
DA:282,0
DA:284,0
DA:286,0
DA:292,0
DA:294,0
DA:295,0
DA:296,0
DA:304,0
DA:316,0
DA:318,0
DA:319,0
DA:321,0
DA:323,0
DA:328,0
DA:331,0
DA:333,0
DA:338,0
DA:349,0
DA:350,0
DA:352,0
DA:356,0
DA:357,0
DA:358,0
DA:360,0
DA:361,0
DA:362,0
DA:364,0
DA:369,0
DA:373,0
DA:379,0
DA:389,0
DA:391,0
DA:392,0
DA:395,0
DA:398,0
DA:400,0
DA:402,0
DA:411,0
DA:413,0
DA:418,0
LF:115
LH:0
BRDA:53,0,0,0
BRDA:54,1,0,0
BRDA:54,1,1,0
BRDA:61,2,0,0
BRDA:61,3,0,0
BRDA:61,3,1,0
BRDA:99,4,0,0
BRDA:100,5,0,0
BRDA:100,5,1,0
BRDA:107,6,0,0
BRDA:107,6,1,0
BRDA:107,7,0,0
BRDA:107,7,1,0
BRDA:114,8,0,0
BRDA:114,9,0,0
BRDA:114,9,1,0
BRDA:152,10,0,0
BRDA:153,11,0,0
BRDA:153,11,1,0
BRDA:160,12,0,0
BRDA:198,13,0,0
BRDA:199,14,0,0
BRDA:199,14,1,0
BRDA:206,15,0,0
BRDA:251,16,0,0
BRDA:252,17,0,0
BRDA:272,18,0,0
BRDA:294,19,0,0
BRDA:295,20,0,0
BRDA:358,21,0,0
BRDA:419,22,0,0
BRDA:419,22,1,0
BRF:32
BRH:0
end_of_record
TN:
SF:src/modules/printify/services/printify-api-client.ts
FN:82,(anonymous_1)
FN:90,(anonymous_2)
FN:103,(anonymous_3)
FN:107,(anonymous_4)
FN:115,(anonymous_5)
FN:119,(anonymous_6)
FN:132,(anonymous_7)
FN:160,(anonymous_8)
FN:168,(anonymous_9)
FN:183,(anonymous_10)
FN:191,(anonymous_11)
FN:199,(anonymous_12)
FN:207,(anonymous_13)
FN:214,(anonymous_14)
FN:222,(anonymous_15)
FN:230,(anonymous_16)
FN:243,(anonymous_17)
FN:260,(anonymous_18)
FN:268,(anonymous_19)
FN:276,(anonymous_20)
FN:283,(anonymous_21)
FNF:21
FNH:0
FNDA:0,(anonymous_1)
FNDA:0,(anonymous_2)
FNDA:0,(anonymous_3)
FNDA:0,(anonymous_4)
FNDA:0,(anonymous_5)
FNDA:0,(anonymous_6)
FNDA:0,(anonymous_7)
FNDA:0,(anonymous_8)
FNDA:0,(anonymous_9)
FNDA:0,(anonymous_10)
FNDA:0,(anonymous_11)
FNDA:0,(anonymous_12)
FNDA:0,(anonymous_13)
FNDA:0,(anonymous_14)
FNDA:0,(anonymous_15)
FNDA:0,(anonymous_16)
FNDA:0,(anonymous_17)
FNDA:0,(anonymous_18)
FNDA:0,(anonymous_19)
FNDA:0,(anonymous_20)
FNDA:0,(anonymous_21)
DA:1,0
DA:78,0
DA:83,0
DA:84,0
DA:91,0
DA:102,0
DA:104,0
DA:105,0
DA:108,0
DA:109,0
DA:114,0
DA:116,0
DA:117,0
DA:120,0
DA:121,0
DA:122,0
DA:126,0
DA:133,0
DA:135,0
DA:140,0
DA:142,0
DA:149,0
DA:161,0
DA:162,0
DA:174,0
DA:177,0
DA:184,0
DA:185,0
DA:192,0
DA:193,0
DA:200,0
DA:201,0
DA:208,0
DA:215,0
DA:216,0
DA:223,0
DA:224,0
DA:231,0
DA:232,0
DA:233,0
DA:235,0
DA:236,0
DA:250,0
DA:261,0
DA:262,0
DA:269,0
DA:270,0
DA:277,0
DA:284,0
LF:49
LH:0
BRDA:92,0,0,0
BRDA:92,0,1,0
BRDA:93,1,0,0
BRDA:93,1,1,0
BRDA:133,2,0,0
BRDA:133,2,1,0
BRDA:136,3,0,0
BRDA:136,3,1,0
BRDA:137,4,0,0
BRDA:137,4,1,0
BRDA:140,5,0,0
BRDA:140,5,1,0
BRDA:151,6,0,0
BRDA:151,6,1,0
BRDA:168,7,0,0
BRDA:168,8,0,0
BRF:16
BRH:0
end_of_record
TN:
SF:src/modules/printify/services/printify-cart-service.ts
FN:67,(anonymous_0)
FN:78,(anonymous_1)
FN:102,(anonymous_2)
FN:175,(anonymous_3)
FN:262,(anonymous_4)
FN:275,(anonymous_5)
FN:318,(anonymous_6)
FN:354,(anonymous_7)
FN:359,(anonymous_8)
FN:387,(anonymous_9)
FN:394,(anonymous_10)
FN:470,(anonymous_11)
FN:482,(anonymous_12)
FN:535,(anonymous_13)
FN:543,(anonymous_14)
FN:571,(anonymous_15)
FN:578,(anonymous_16)
FN:584,(anonymous_17)
FNF:18
FNH:7
FNDA:6,(anonymous_0)
FNDA:5,(anonymous_1)
FNDA:4,(anonymous_2)
FNDA:0,(anonymous_3)
FNDA:0,(anonymous_4)
FNDA:0,(anonymous_5)
FNDA:0,(anonymous_6)
FNDA:0,(anonymous_7)
FNDA:0,(anonymous_8)
FNDA:6,(anonymous_9)
FNDA:3,(anonymous_10)
FNDA:0,(anonymous_11)
FNDA:0,(anonymous_12)
FNDA:1,(anonymous_13)
FNDA:0,(anonymous_14)
FNDA:0,(anonymous_15)
FNDA:0,(anonymous_16)
FNDA:12,(anonymous_17)
DA:8,1
DA:12,1
DA:13,1
DA:62,1
DA:65,6
DA:71,6
DA:72,6
DA:82,5
DA:83,5
DA:91,5
DA:92,5
DA:93,1
DA:101,4
DA:102,4
DA:103,4
DA:104,0
DA:113,4
DA:114,0
DA:123,4
DA:124,4
DA:125,1
DA:134,3
DA:147,3
DA:148,0
DA:153,0
DA:161,3
DA:162,3
DA:163,0
DA:172,3
DA:175,3
DA:176,0
DA:181,3
DA:183,0
DA:184,0
DA:185,0
DA:192,0
DA:195,0
DA:196,0
DA:197,0
DA:198,0
DA:211,0
DA:217,0
DA:220,3
DA:221,0
DA:222,0
DA:223,0
DA:237,3
DA:238,3
DA:240,3
DA:248,3
DA:251,2
DA:255,2
DA:267,0
DA:268,0
DA:274,0
DA:275,0
DA:277,0
DA:278,0
DA:286,0
DA:287,0
DA:288,0
DA:296,0
DA:297,0
DA:299,0
DA:300,0
DA:306,0
DA:310,0
DA:311,0
DA:312,0
DA:316,0
DA:317,0
DA:318,0
DA:320,0
DA:321,0
DA:326,0
DA:334,0
DA:340,0
DA:342,0
DA:347,0
DA:355,0
DA:356,0
DA:358,0
DA:359,0
DA:361,0
DA:362,0
DA:371,0
DA:372,0
DA:374,0
DA:376,0
DA:380,0
DA:388,6
DA:395,3
DA:396,3
DA:398,3
DA:399,3
DA:400,3
DA:401,3
DA:402,3
DA:403,3
DA:405,3
DA:406,1
DA:407,1
DA:409,1
DA:410,0
DA:413,1
DA:414,0
DA:417,1
DA:418,0
DA:421,1
DA:422,0
DA:426,3
DA:427,3
DA:428,3
DA:430,3
DA:447,3
DA:455,3
DA:457,0
DA:458,0
DA:471,0
DA:472,0
DA:473,0
DA:474,0
DA:475,0
DA:476,0
DA:478,0
DA:480,0
DA:481,0
DA:482,0
DA:486,0
DA:487,0
DA:491,0
DA:492,0
DA:496,0
DA:497,0
DA:501,0
DA:502,0
DA:505,0
DA:513,0
DA:520,0
DA:522,0
DA:523,0
DA:536,1
DA:537,1
DA:547,0
DA:550,0
DA:551,0
DA:554,0
DA:555,0
DA:556,0
DA:557,0
DA:562,0
DA:572,0
DA:573,0
DA:575,0
DA:576,0
DA:578,0
DA:585,12
DA:589,12
LF:158
LH:59
BRDA:92,0,0,1
BRDA:103,1,0,0
BRDA:113,2,0,0
BRDA:124,3,0,1
BRDA:127,4,0,1
BRDA:127,4,1,0
BRDA:141,5,0,3
BRDA:141,5,1,2
BRDA:147,6,0,0
BRDA:162,7,0,0
BRDA:172,8,0,3
BRDA:172,8,1,3
BRDA:176,9,0,0
BRDA:176,9,1,0
BRDA:176,9,2,0
BRDA:178,10,0,0
BRDA:178,10,1,0
BRDA:181,11,0,0
BRDA:181,11,1,3
BRDA:184,12,0,0
BRDA:195,13,0,0
BRDA:195,14,0,0
BRDA:195,14,1,0
BRDA:197,15,0,0
BRDA:205,16,0,0
BRDA:205,16,1,0
BRDA:220,17,0,0
BRDA:220,18,0,3
BRDA:220,18,1,3
BRDA:222,19,0,0
BRDA:230,20,0,0
BRDA:230,20,1,0
BRDA:274,21,0,0
BRDA:274,21,1,0
BRDA:277,22,0,0
BRDA:287,23,0,0
BRDA:296,24,0,0
BRDA:297,25,0,0
BRDA:310,26,0,0
BRDA:316,27,0,0
BRDA:320,28,0,0
BRDA:358,29,0,0
BRDA:358,29,1,0
BRDA:361,30,0,0
BRDA:388,31,0,6
BRDA:388,31,1,3
BRDA:409,32,0,0
BRDA:413,33,0,0
BRDA:417,34,0,0
BRDA:421,35,0,0
BRDA:421,36,0,1
BRDA:421,36,1,0
BRDA:428,37,0,1
BRDA:428,37,1,2
BRDA:481,38,0,0
BRDA:486,39,0,0
BRDA:491,40,0,0
BRDA:491,41,0,0
BRDA:491,41,1,0
BRDA:496,42,0,0
BRDA:501,43,0,0
BRDA:506,44,0,0
BRDA:506,44,1,0
BRDA:506,44,2,0
BRDA:550,45,0,0
BRDA:550,46,0,0
BRDA:550,46,1,0
BRDA:554,47,0,0
BRDA:556,48,0,0
BRDA:556,49,0,0
BRDA:556,49,1,0
BRDA:575,50,0,0
BRDA:576,51,0,0
BRF:73
BRH:15
end_of_record
TN:
SF:src/modules/printify/services/printify-configuration-service.ts
FN:51,(anonymous_0)
FN:68,(anonymous_1)
FN:94,(anonymous_2)
FN:95,(anonymous_3)
FN:96,(anonymous_4)
FN:97,(anonymous_5)
FN:98,(anonymous_6)
FN:126,(anonymous_7)
FN:184,(anonymous_8)
FN:212,(anonymous_9)
FN:241,(anonymous_10)
FN:286,(anonymous_11)
FN:308,(anonymous_12)
FNF:13
FNH:0
FNDA:0,(anonymous_0)
FNDA:0,(anonymous_1)
FNDA:0,(anonymous_2)
FNDA:0,(anonymous_3)
FNDA:0,(anonymous_4)
FNDA:0,(anonymous_5)
FNDA:0,(anonymous_6)
FNDA:0,(anonymous_7)
FNDA:0,(anonymous_8)
FNDA:0,(anonymous_9)
FNDA:0,(anonymous_10)
FNDA:0,(anonymous_11)
FNDA:0,(anonymous_12)
DA:11,0
DA:12,0
DA:13,0
DA:45,0
DA:46,0
DA:52,0
DA:54,0
DA:57,0
DA:58,0
DA:60,0
DA:61,0
DA:69,0
DA:74,0
DA:76,0
DA:82,0
DA:94,0
DA:95,0
DA:102,0
DA:107,0
DA:109,0
DA:113,0
DA:114,0
DA:117,0
DA:130,0
DA:132,0
DA:134,0
DA:135,0
DA:136,0
DA:140,0
DA:141,0
DA:148,0
DA:149,0
DA:152,0
DA:153,0
DA:156,0
DA:157,0
DA:164,0
DA:169,0
DA:171,0
DA:173,0
DA:174,0
DA:177,0
DA:185,0
DA:187,0
DA:188,0
DA:189,0
DA:190,0
DA:194,0
DA:199,0
DA:201,0
DA:202,0
DA:205,0
DA:213,0
DA:215,0
DA:216,0
DA:217,0
DA:218,0
DA:224,0
DA:229,0
DA:231,0
DA:245,0
DA:247,0
DA:249,0
DA:255,0
DA:257,0
DA:262,0
DA:271,0
DA:276,0
DA:287,0
DA:288,0
DA:289,0
DA:290,0
DA:293,0
DA:298,0
DA:300,0
DA:301,0
DA:309,0
DA:311,0
DA:314,0
DA:316,0
DA:317,0
LF:81
LH:0
BRDA:88,0,0,0
BRDA:88,0,1,0
BRDA:89,1,0,0
BRDA:89,1,1,0
BRDA:113,2,0,0
BRDA:135,3,0,0
BRDA:140,4,0,0
BRDA:140,5,0,0
BRDA:140,5,1,0
BRDA:142,6,0,0
BRDA:142,6,1,0
BRDA:143,7,0,0
BRDA:143,7,1,0
BRDA:148,8,0,0
BRDA:152,9,0,0
BRDA:156,10,0,0
BRDA:156,11,0,0
BRDA:156,11,1,0
BRDA:158,12,0,0
BRDA:158,12,1,0
BRDA:159,13,0,0
BRDA:159,13,1,0
BRDA:173,14,0,0
BRDA:189,15,0,0
BRDA:201,16,0,0
BRDA:217,17,0,0
BRDA:289,18,0,0
BRF:27
BRH:0
end_of_record
TN:
SF:src/modules/printify/services/printify-order-service.ts
FN:69,(anonymous_0)
FN:77,(anonymous_1)
FN:91,(anonymous_2)
FN:194,(anonymous_3)
FN:257,(anonymous_4)
FN:273,(anonymous_5)
FN:281,(anonymous_6)
FN:289,(anonymous_7)
FN:334,(anonymous_8)
FN:384,(anonymous_9)
FN:404,(anonymous_10)
FN:408,(anonymous_11)
FN:412,(anonymous_12)
FN:416,(anonymous_13)
FN:420,(anonymous_14)
FN:444,(anonymous_15)
FN:463,(anonymous_16)
FN:511,(anonymous_17)
FN:543,(anonymous_18)
FN:593,(anonymous_19)
FN:596,(anonymous_20)
FN:628,(anonymous_21)
FN:632,(anonymous_22)
FN:662,(anonymous_23)
FN:686,(anonymous_24)
FNF:25
FNH:20
FNDA:17,(anonymous_0)
FNDA:22,(anonymous_1)
FNDA:20,(anonymous_2)
FNDA:7,(anonymous_3)
FNDA:13,(anonymous_4)
FNDA:1,(anonymous_5)
FNDA:0,(anonymous_6)
FNDA:1,(anonymous_7)
FNDA:2,(anonymous_8)
FNDA:2,(anonymous_9)
FNDA:2,(anonymous_10)
FNDA:0,(anonymous_11)
FNDA:0,(anonymous_12)
FNDA:0,(anonymous_13)
FNDA:2,(anonymous_14)
FNDA:1,(anonymous_15)
FNDA:2,(anonymous_16)
FNDA:0,(anonymous_17)
FNDA:1,(anonymous_18)
FNDA:22,(anonymous_19)
FNDA:21,(anonymous_20)
FNDA:7,(anonymous_21)
FNDA:7,(anonymous_22)
FNDA:1,(anonymous_23)
FNDA:17,(anonymous_24)
DA:8,1
DA:13,1
DA:14,1
DA:15,1
DA:63,1
DA:64,17
DA:65,17
DA:66,17
DA:67,17
DA:70,17
DA:71,17
DA:78,22
DA:79,22
DA:85,22
DA:91,20
DA:92,20
DA:95,20
DA:96,20
DA:97,20
DA:98,20
DA:99,20
DA:102,20
DA:141,20
DA:171,20
DA:172,20
DA:176,20
DA:182,20
DA:184,2
DA:187,2
DA:195,7
DA:196,7
DA:198,7
DA:203,7
DA:204,0
DA:213,7
DA:216,7
DA:218,5
DA:219,1
DA:227,4
DA:228,4
DA:229,4
DA:230,4
DA:232,4
DA:233,4
DA:235,4
DA:241,4
DA:243,3
DA:244,3
DA:245,3
DA:246,3
DA:249,3
DA:250,3
DA:258,13
DA:259,13
DA:260,1
DA:267,12
DA:274,1
DA:275,1
DA:282,0
DA:283,0
DA:290,1
DA:291,1
DA:293,1
DA:300,1
DA:303,1
DA:304,0
DA:314,1
DA:315,0
DA:318,1
DA:324,1
DA:326,0
DA:327,0
DA:335,2
DA:336,2
DA:338,2
DA:344,2
DA:345,0
DA:354,2
DA:355,1
DA:356,1
DA:358,0
DA:367,2
DA:369,2
DA:374,2
DA:376,0
DA:377,0
DA:398,2
DA:401,2
DA:403,2
DA:404,2
DA:407,2
DA:408,0
DA:411,2
DA:412,0
DA:415,2
DA:416,0
DA:420,2
DA:421,2
DA:422,2
DA:424,2
DA:425,2
DA:426,2
DA:430,2
DA:431,2
DA:432,2
DA:434,2
DA:445,1
DA:447,1
DA:460,1
DA:461,1
DA:463,1
DA:465,2
DA:468,2
DA:469,2
DA:472,0
DA:473,0
DA:475,0
DA:476,0
DA:478,0
DA:479,0
DA:481,0
DA:482,0
DA:484,0
DA:485,0
DA:489,2
DA:490,2
DA:494,2
DA:495,0
DA:496,0
DA:501,1
DA:502,0
DA:505,1
DA:512,0
DA:514,0
DA:515,0
DA:523,0
DA:524,0
DA:533,0
DA:534,0
DA:535,0
DA:537,0
DA:544,1
DA:546,1
DA:547,0
DA:554,1
DA:555,1
DA:557,1
DA:558,0
DA:566,1
DA:567,1
DA:568,1
DA:572,1
DA:573,1
DA:580,1
DA:582,0
DA:586,0
DA:594,22
DA:595,22
DA:596,22
DA:598,22
DA:599,1
DA:606,21
DA:607,0
DA:614,21
DA:615,21
DA:616,1
DA:629,7
DA:632,7
DA:663,1
DA:665,0
DA:668,1
DA:670,0
DA:672,0
DA:675,0
DA:677,0
DA:679,0
DA:687,17
DA:688,17
DA:689,17
DA:690,17
LF:180
LH:133
BRDA:91,0,0,20
BRDA:91,0,1,0
BRDA:92,1,0,20
BRDA:92,1,1,0
BRDA:96,2,0,20
BRDA:96,2,1,19
BRDA:97,3,0,20
BRDA:97,3,1,19
BRDA:98,4,0,20
BRDA:98,4,1,19
BRDA:108,5,0,20
BRDA:108,5,1,0
BRDA:131,6,0,20
BRDA:131,6,1,0
BRDA:203,7,0,0
BRDA:218,8,0,1
BRDA:218,9,0,5
BRDA:218,9,1,5
BRDA:244,10,0,3
BRDA:259,11,0,1
BRDA:275,12,0,1
BRDA:275,12,1,0
BRDA:275,13,0,1
BRDA:275,13,1,0
BRDA:283,14,0,0
BRDA:283,14,1,0
BRDA:283,15,0,0
BRDA:283,15,1,0
BRDA:303,16,0,0
BRDA:303,17,0,1
BRDA:303,17,1,1
BRDA:303,17,2,1
BRDA:314,18,0,0
BRDA:314,19,0,1
BRDA:314,19,1,0
BRDA:344,20,0,0
BRDA:354,21,0,1
BRDA:354,22,0,2
BRDA:354,22,1,1
BRDA:367,23,0,2
BRDA:367,23,1,0
BRDA:384,24,0,1
BRDA:394,25,0,2
BRDA:395,26,0,2
BRDA:396,27,0,2
BRDA:397,28,0,2
BRDA:403,29,0,1
BRDA:403,30,0,2
BRDA:403,30,1,1
BRDA:407,31,0,0
BRDA:411,32,0,0
BRDA:415,33,0,0
BRDA:424,34,0,0
BRDA:424,35,0,0
BRDA:424,35,1,0
BRDA:425,36,0,0
BRDA:425,37,0,0
BRDA:425,37,1,0
BRDA:465,38,0,2
BRDA:465,38,1,2
BRDA:465,38,2,0
BRDA:465,38,3,0
BRDA:465,38,4,0
BRDA:465,38,5,0
BRDA:465,38,6,0
BRDA:465,38,7,0
BRDA:489,39,0,2
BRDA:489,40,0,2
BRDA:489,40,1,0
BRDA:494,41,0,0
BRDA:494,42,0,2
BRDA:494,42,1,0
BRDA:494,42,2,0
BRDA:501,43,0,0
BRDA:514,44,0,0
BRDA:523,45,0,0
BRDA:546,46,0,0
BRDA:557,47,0,0
BRDA:567,48,0,1
BRDA:572,49,0,1
BRDA:598,50,0,1
BRDA:606,51,0,0
BRDA:615,52,0,1
BRDA:636,53,0,0
BRDA:636,53,1,7
BRDA:638,54,0,0
BRDA:638,54,1,0
BRDA:647,55,0,7
BRDA:647,55,1,7
BRDA:648,56,0,7
BRDA:648,56,1,7
BRDA:650,57,0,7
BRDA:650,57,1,7
BRDA:652,58,0,7
BRDA:652,58,1,0
BRDA:663,59,0,0
BRDA:663,59,1,1
BRDA:663,59,2,1
BRDA:663,59,3,0
BRDA:663,59,4,0
BRDA:663,59,5,0
BRDA:663,59,6,0
BRDA:663,59,7,0
BRDA:663,59,8,0
BRF:104
BRH:52
end_of_record
TN:
SF:src/modules/printify/services/printify-product-service.ts
FN:61,(anonymous_0)
FN:69,(anonymous_1)
FN:108,(anonymous_2)
FN:124,(anonymous_3)
FN:167,(anonymous_4)
FN:210,(anonymous_5)
FN:289,(anonymous_6)
FN:368,(anonymous_7)
FN:435,(anonymous_8)
FN:456,(anonymous_9)
FN:505,(anonymous_10)
FN:514,(anonymous_11)
FNF:12
FNH:0
FNDA:0,(anonymous_0)
FNDA:0,(anonymous_1)
FNDA:0,(anonymous_2)
FNDA:0,(anonymous_3)
FNDA:0,(anonymous_4)
FNDA:0,(anonymous_5)
FNDA:0,(anonymous_6)
FNDA:0,(anonymous_7)
FNDA:0,(anonymous_8)
FNDA:0,(anonymous_9)
FNDA:0,(anonymous_10)
FNDA:0,(anonymous_11)
DA:10,0
DA:11,0
DA:13,0
DA:14,0
DA:58,0
DA:59,0
DA:62,0
DA:63,0
DA:70,0
DA:72,0
DA:82,0
DA:85,0
DA:93,0
DA:98,0
DA:100,0
DA:101,0
DA:109,0
DA:111,0
DA:114,0
DA:116,0
DA:117,0
DA:125,0
DA:127,0
DA:128,0
DA:129,0
DA:130,0
DA:133,0
DA:134,0
DA:137,0
DA:146,0
DA:152,0
DA:154,0
DA:156,0
DA:157,0
DA:160,0
DA:168,0
DA:170,0
DA:171,0
DA:172,0
DA:173,0
DA:176,0
DA:177,0
DA:180,0
DA:189,0
DA:195,0
DA:197,0
DA:199,0
DA:200,0
DA:203,0
DA:215,0
DA:217,0
DA:223,0
DA:230,0
DA:231,0
DA:232,0
DA:233,0
DA:234,0
DA:235,0
DA:239,0
DA:242,0
DA:243,0
DA:246,0
DA:256,0
DA:258,0
DA:263,0
DA:264,0
DA:269,0
DA:277,0
DA:283,0
DA:294,0
DA:296,0
DA:302,0
DA:309,0
DA:310,0
DA:311,0
DA:312,0
DA:313,0
DA:314,0
DA:318,0
DA:321,0
DA:322,0
DA:325,0
DA:335,0
DA:337,0
DA:342,0
DA:343,0
DA:348,0
DA:356,0
DA:362,0
DA:369,0
DA:371,0
DA:378,0
DA:384,0
DA:386,0
DA:388,0
DA:390,0
DA:391,0
DA:392,0
DA:394,0
DA:395,0
DA:396,0
DA:397,0
DA:399,0
DA:403,0
DA:408,0
DA:409,0
DA:410,0
DA:412,0
DA:419,0
DA:421,0
DA:423,0
DA:424,0
DA:426,0
DA:436,0
DA:437,0
DA:438,0
DA:440,0
DA:441,0
DA:442,0
DA:444,0
DA:445,0
DA:448,0
DA:450,0
DA:462,0
DA:464,0
DA:466,0
DA:468,0
DA:472,0
DA:473,0
DA:474,0
DA:475,0
DA:476,0
DA:477,0
DA:478,0
DA:482,0
DA:508,0
DA:515,0
DA:517,0
DA:520,0
DA:522,0
DA:523,0
LF:141
LH:0
BRDA:69,0,0,0
BRDA:70,1,0,0
BRDA:70,2,0,0
BRDA:70,3,0,0
BRDA:70,4,0,0
BRDA:129,5,0,0
BRDA:156,6,0,0
BRDA:172,7,0,0
BRDA:199,8,0,0
BRDA:233,9,0,0
BRDA:312,10,0,0
BRDA:368,11,0,0
BRDA:369,12,0,0
BRDA:369,13,0,0
BRDA:380,14,0,0
BRDA:380,14,1,0
BRDA:464,15,0,0
BRDA:464,15,1,0
BRDA:466,16,0,0
BRDA:466,17,0,0
BRDA:466,17,1,0
BRDA:466,17,2,0
BRF:22
BRH:0
end_of_record
TN:
SF:src/modules/printify/services/storefront-product-service.ts
FN:60,(anonymous_0)
FN:67,(anonymous_1)
FN:88,(anonymous_2)
FN:90,(anonymous_3)
FN:95,(anonymous_4)
FN:97,(anonymous_5)
FN:98,(anonymous_6)
FN:104,(anonymous_7)
FN:109,(anonymous_8)
FN:113,(anonymous_9)
FN:118,(anonymous_10)
FN:190,(anonymous_11)
FN:236,(anonymous_12)
FN:289,(anonymous_13)
FN:330,(anonymous_14)
FN:360,(anonymous_15)
FN:381,(anonymous_16)
FN:398,(anonymous_17)
FN:407,(anonymous_18)
FN:409,(anonymous_19)
FN:426,(anonymous_20)
FN:440,(anonymous_21)
FN:450,(anonymous_22)
FN:459,(anonymous_23)
FNF:24
FNH:0
FNDA:0,(anonymous_0)
FNDA:0,(anonymous_1)
FNDA:0,(anonymous_2)
FNDA:0,(anonymous_3)
FNDA:0,(anonymous_4)
FNDA:0,(anonymous_5)
FNDA:0,(anonymous_6)
FNDA:0,(anonymous_7)
FNDA:0,(anonymous_8)
FNDA:0,(anonymous_9)
FNDA:0,(anonymous_10)
FNDA:0,(anonymous_11)
FNDA:0,(anonymous_12)
FNDA:0,(anonymous_13)
FNDA:0,(anonymous_14)
FNDA:0,(anonymous_15)
FNDA:0,(anonymous_16)
FNDA:0,(anonymous_17)
FNDA:0,(anonymous_18)
FNDA:0,(anonymous_19)
FNDA:0,(anonymous_20)
FNDA:0,(anonymous_21)
FNDA:0,(anonymous_22)
FNDA:0,(anonymous_23)
DA:11,0
DA:12,0
DA:54,0
DA:56,0
DA:57,0
DA:58,0
DA:61,0
DA:68,0
DA:75,0
DA:77,0
DA:81,0
DA:82,0
DA:85,0
DA:87,0
DA:88,0
DA:89,0
DA:90,0
DA:94,0
DA:95,0
DA:96,0
DA:97,0
DA:98,0
DA:103,0
DA:104,0
DA:107,0
DA:108,0
DA:109,0
DA:110,0
DA:111,0
DA:113,0
DA:118,0
DA:119,0
DA:121,0
DA:123,0
DA:124,0
DA:127,0
DA:128,0
DA:130,0
DA:131,0
DA:133,0
DA:134,0
DA:137,0
DA:138,0
DA:141,0
DA:145,0
DA:148,0
DA:149,0
DA:150,0
DA:151,0
DA:152,0
DA:154,0
DA:160,0
DA:162,0
DA:169,0
DA:175,0
DA:177,0
DA:178,0
DA:194,0
DA:195,0
DA:197,0
DA:204,0
DA:207,0
DA:209,0
DA:215,0
DA:221,0
DA:223,0
DA:224,0
DA:237,0
DA:239,0
DA:240,0
DA:241,0
DA:243,0
DA:244,0
DA:245,0
DA:248,0
DA:251,0
DA:255,0
DA:257,0
DA:259,0
DA:264,0
DA:265,0
DA:266,0
DA:269,0
DA:271,0
DA:274,0
DA:276,0
DA:277,0
DA:290,0
DA:292,0
DA:293,0
DA:294,0
DA:295,0
DA:298,0
DA:302,0
DA:305,0
DA:310,0
DA:315,0
DA:317,0
DA:318,0
DA:331,0
DA:332,0
DA:334,0
DA:341,0
DA:345,0
DA:347,0
DA:348,0
DA:361,0
DA:362,0
DA:365,0
DA:366,0
DA:367,0
DA:370,0
DA:371,0
DA:381,0
DA:383,0
DA:388,0
DA:390,0
DA:391,0
DA:403,0
DA:404,0
DA:405,0
DA:407,0
DA:408,0
DA:409,0
DA:413,0
DA:428,0
DA:439,0
DA:441,0
DA:451,0
DA:452,0
DA:453,0
DA:461,0
DA:462,0
DA:468,0
LF:134
LH:0
BRDA:67,0,0,0
BRDA:70,1,0,0
BRDA:71,2,0,0
BRDA:72,3,0,0
BRDA:73,4,0,0
BRDA:74,5,0,0
BRDA:87,6,0,0
BRDA:94,7,0,0
BRDA:94,8,0,0
BRDA:94,8,1,0
BRDA:103,9,0,0
BRDA:107,10,0,0
BRDA:111,11,0,0
BRDA:111,11,1,0
BRDA:111,11,2,0
BRDA:111,11,3,0
BRDA:121,12,0,0
BRDA:121,12,1,0
BRDA:121,12,2,0
BRDA:121,12,3,0
BRDA:121,12,4,0
BRDA:141,13,0,0
BRDA:141,13,1,0
BRDA:148,14,0,0
BRDA:192,15,0,0
BRDA:236,16,0,0
BRDA:240,17,0,0
BRDA:240,18,0,0
BRDA:240,18,1,0
BRDA:243,19,0,0
BRDA:257,20,0,0
BRDA:257,20,1,0
BRDA:264,21,0,0
BRDA:293,22,0,0
BRDA:293,23,0,0
BRDA:293,23,1,0
BRDA:330,24,0,0
BRDA:360,25,0,0
BRDA:366,26,0,0
BRDA:417,27,0,0
BRDA:417,27,1,0
BRDA:418,28,0,0
BRDA:418,28,1,0
BRDA:441,29,0,0
BRDA:441,29,1,0
BRDA:461,30,0,0
BRDA:461,31,0,0
BRDA:461,31,1,0
BRDA:462,32,0,0
BRDA:462,32,1,0
BRF:50
BRH:0
end_of_record
TN:
SF:src/modules/printify/utils/dml-bridge.ts
FN:21,(anonymous_0)
FN:24,(anonymous_1)
FN:25,(anonymous_2)
FN:26,(anonymous_3)
FN:27,(anonymous_4)
FN:28,(anonymous_5)
FN:29,(anonymous_6)
FN:30,(anonymous_7)
FN:31,(anonymous_8)
FN:32,(anonymous_9)
FN:35,(anonymous_10)
FN:36,(anonymous_11)
FN:37,(anonymous_12)
FN:38,(anonymous_13)
FN:39,(anonymous_14)
FN:40,(anonymous_15)
FN:43,(anonymous_16)
FN:44,(anonymous_17)
FN:47,(anonymous_18)
FN:56,(anonymous_19)
FN:60,(anonymous_20)
FN:65,(anonymous_21)
FN:78,(anonymous_22)
FN:89,(anonymous_23)
FN:93,(anonymous_24)
FN:97,(anonymous_25)
FN:102,(anonymous_26)
FN:107,(anonymous_27)
FN:112,(anonymous_28)
FN:120,(anonymous_29)
FN:124,(anonymous_30)
FN:135,(anonymous_31)
FN:137,(anonymous_32)
FN:141,(anonymous_33)
FN:145,(anonymous_34)
FN:150,(anonymous_35)
FN:155,(anonymous_36)
FN:165,wrapOrder
FN:170,(anonymous_38)
FN:180,(anonymous_39)
FN:187,wrapConfiguration
FN:191,(anonymous_41)
FN:199,(anonymous_42)
FNF:43
FNH:18
FNDA:20,(anonymous_0)
FNDA:93,(anonymous_1)
FNDA:63,(anonymous_2)
FNDA:11,(anonymous_3)
FNDA:16,(anonymous_4)
FNDA:8,(anonymous_5)
FNDA:78,(anonymous_6)
FNDA:4,(anonymous_7)
FNDA:0,(anonymous_8)
FNDA:2,(anonymous_9)
FNDA:0,(anonymous_10)
FNDA:0,(anonymous_11)
FNDA:0,(anonymous_12)
FNDA:0,(anonymous_13)
FNDA:1,(anonymous_14)
FNDA:3,(anonymous_15)
FNDA:0,(anonymous_16)
FNDA:0,(anonymous_17)
FNDA:2,(anonymous_18)
FNDA:0,(anonymous_19)
FNDA:0,(anonymous_20)
FNDA:28,(anonymous_21)
FNDA:4,(anonymous_22)
FNDA:0,(anonymous_23)
FNDA:0,(anonymous_24)
FNDA:1,(anonymous_25)
FNDA:7,(anonymous_26)
FNDA:2,(anonymous_27)
FNDA:2,(anonymous_28)
FNDA:0,(anonymous_29)
FNDA:0,(anonymous_30)
FNDA:0,(anonymous_31)
FNDA:0,(anonymous_32)
FNDA:0,(anonymous_33)
FNDA:0,(anonymous_34)
FNDA:0,(anonymous_35)
FNDA:0,(anonymous_36)
FNDA:0,wrapOrder
FNDA:0,(anonymous_38)
FNDA:0,(anonymous_39)
FNDA:0,wrapConfiguration
FNDA:0,(anonymous_41)
FNDA:0,(anonymous_42)
DA:15,1
DA:20,1
DA:21,20
DA:24,93
DA:25,63
DA:26,11
DA:27,16
DA:28,8
DA:29,78
DA:30,4
DA:31,0
DA:32,2
DA:35,0
DA:36,0
DA:37,0
DA:38,0
DA:39,1
DA:40,3
DA:43,0
DA:44,0
DA:48,2
DA:57,0
DA:61,0
DA:67,28
DA:79,4
DA:80,4
DA:81,4
DA:82,0
DA:84,4
DA:85,0
DA:90,0
DA:94,0
DA:98,1
DA:99,1
DA:103,7
DA:108,2
DA:113,2
DA:121,0
DA:125,0
DA:126,0
DA:127,0
DA:134,1
DA:135,0
DA:138,0
DA:142,0
DA:146,0
DA:147,0
DA:151,0
DA:152,0
DA:156,0
DA:157,0
DA:158,0
DA:165,1
DA:166,0
DA:169,0
DA:172,0
DA:173,0
DA:174,0
DA:177,0
DA:181,0
DA:182,0
DA:187,1
DA:188,0
DA:190,0
DA:192,0
DA:193,0
DA:194,0
DA:196,0
DA:200,0
DA:201,0
LF:70
LH:27
BRDA:25,0,0,63
BRDA:25,0,1,0
BRDA:26,1,0,11
BRDA:26,1,1,3
BRDA:28,2,0,8
BRDA:28,2,1,0
BRDA:29,3,0,78
BRDA:29,3,1,0
BRDA:30,4,0,4
BRDA:30,4,1,0
BRDA:31,5,0,0
BRDA:31,5,1,0
BRDA:32,6,0,2
BRDA:32,6,1,2
BRDA:37,7,0,0
BRDA:37,7,1,0
BRDA:38,8,0,0
BRDA:38,8,1,0
BRDA:43,9,0,0
BRDA:43,9,1,0
BRDA:51,10,0,1
BRDA:51,10,1,1
BRDA:61,11,0,0
BRDA:61,11,1,0
BRDA:67,12,0,28
BRDA:67,12,1,0
BRDA:68,13,0,0
BRDA:68,13,1,0
BRDA:71,14,0,0
BRDA:71,14,1,0
BRDA:81,15,0,0
BRDA:84,16,0,0
BRDA:84,17,0,4
BRDA:84,17,1,0
BRDA:103,18,0,7
BRDA:103,18,1,7
BRDA:108,19,0,2
BRDA:108,19,1,2
BRDA:125,20,0,0
BRDA:172,21,0,0
BRDA:174,22,0,0
BRDA:174,22,1,0
BRDA:192,23,0,0
BRDA:194,24,0,0
BRDA:194,24,1,0
BRF:45
BRH:16
end_of_record
TN:
SF:src/modules/printify/utils/error-handling.ts
FN:8,(anonymous_0)
FN:40,(anonymous_1)
FN:71,(anonymous_2)
FN:95,(anonymous_3)
FN:110,(anonymous_4)
FN:124,(anonymous_5)
FN:136,(anonymous_6)
FN:148,(anonymous_7)
FN:164,(anonymous_8)
FN:176,(anonymous_9)
FN:189,(anonymous_10)
FN:201,(anonymous_11)
FN:219,(anonymous_12)
FN:258,(anonymous_13)
FN:259,(anonymous_14)
FN:266,handleAsync
FN:268,(anonymous_16)
FN:269,(anonymous_17)
FNF:18
FNH:3
FNDA:2,(anonymous_0)
FNDA:2,(anonymous_1)
FNDA:6,(anonymous_2)
FNDA:0,(anonymous_3)
FNDA:0,(anonymous_4)
FNDA:0,(anonymous_5)
FNDA:0,(anonymous_6)
FNDA:0,(anonymous_7)
FNDA:0,(anonymous_8)
FNDA:0,(anonymous_9)
FNDA:0,(anonymous_10)
FNDA:0,(anonymous_11)
FNDA:0,(anonymous_12)
FNDA:0,(anonymous_13)
FNDA:0,(anonymous_14)
FNDA:0,handleAsync
FNDA:0,(anonymous_16)
FNDA:0,(anonymous_17)
DA:8,2
DA:10,2
DA:11,2
DA:12,2
DA:15,2
DA:16,2
DA:17,2
DA:18,2
DA:19,2
DA:22,2
DA:23,2
DA:24,2
DA:27,2
DA:28,2
DA:29,2
DA:32,2
DA:33,2
DA:36,2
DA:37,2
DA:40,2
DA:41,2
DA:42,2
DA:43,2
DA:44,2
DA:64,2
DA:78,6
DA:79,6
DA:80,6
DA:81,6
DA:82,6
DA:83,6
DA:84,6
DA:87,6
DA:88,6
DA:96,0
DA:111,0
DA:118,0
DA:125,0
DA:132,2
DA:137,0
DA:154,0
DA:158,0
DA:165,0
DA:177,0
DA:190,0
DA:202,0
DA:215,2
DA:227,0
DA:228,0
DA:229,0
DA:231,0
DA:234,0
DA:235,0
DA:239,0
DA:240,0
DA:244,0
DA:246,0
DA:248,0
DA:252,0
DA:259,0
DA:266,2
DA:267,0
DA:268,0
DA:269,0
LF:64
LH:37
BRDA:8,0,0,2
BRDA:8,0,1,2
BRDA:40,1,0,2
BRDA:40,1,1,2
BRDA:74,2,0,0
BRDA:87,3,0,6
BRDA:154,4,0,0
BRDA:154,4,1,0
BRDA:221,5,0,0
BRDA:222,6,0,0
BRDA:223,7,0,0
BRDA:234,8,0,0
BRDA:234,9,0,0
BRDA:234,9,1,0
BRDA:239,10,0,0
BRF:15
BRH:5
end_of_record
TN:
SF:src/modules/printify/utils/logger.ts
FN:8,(anonymous_0)
FN:36,(anonymous_1)
FN:49,(anonymous_2)
FN:56,(anonymous_3)
FN:63,(anonymous_4)
FN:70,(anonymous_5)
FN:77,(anonymous_6)
FN:103,(anonymous_7)
FN:138,(anonymous_8)
FN:156,(anonymous_9)
FN:178,(anonymous_10)
FN:200,(anonymous_11)
FN:210,(anonymous_12)
FN:217,(anonymous_13)
FN:235,createLogger
FN:249,getLogLevelFromEnv
FNF:16
FNH:9
FNDA:2,(anonymous_0)
FNDA:2,(anonymous_1)
FNDA:7,(anonymous_2)
FNDA:0,(anonymous_3)
FNDA:71,(anonymous_4)
FNDA:0,(anonymous_5)
FNDA:78,(anonymous_6)
FNDA:78,(anonymous_7)
FNDA:78,(anonymous_8)
FNDA:78,(anonymous_9)
FNDA:85,(anonymous_10)
FNDA:0,(anonymous_11)
FNDA:0,(anonymous_12)
FNDA:0,(anonymous_13)
FNDA:0,createLogger
FNDA:0,getLogLevelFromEnv
DA:8,2
DA:9,2
DA:10,2
DA:11,2
DA:12,2
DA:33,2
DA:37,2
DA:50,7
DA:57,0
DA:64,71
DA:71,0
DA:79,78
DA:80,0
DA:83,78
DA:91,78
DA:92,78
DA:95,78
DA:96,7
DA:104,78
DA:107,78
DA:108,78
DA:109,78
DA:113,78
DA:114,78
DA:117,78
DA:120,78
DA:121,78
DA:125,78
DA:128,78
DA:129,78
DA:132,78
DA:139,78
DA:141,7
DA:143,0
DA:145,71
DA:147,0
DA:149,0
DA:157,78
DA:158,0
DA:161,78
DA:163,7
DA:165,0
DA:167,71
DA:169,0
DA:171,0
DA:179,85
DA:181,14
DA:182,14
DA:184,0
DA:185,0
DA:187,71
DA:188,71
DA:190,0
DA:191,0
DA:193,0
DA:201,0
DA:211,0
DA:218,0
DA:225,2
DA:235,2
DA:236,0
DA:238,0
DA:250,0
DA:252,0
DA:254,0
DA:256,0
DA:258,0
DA:260,0
DA:262,0
LF:69
LH:42
BRDA:8,0,0,2
BRDA:8,0,1,2
BRDA:36,1,0,0
BRDA:79,2,0,0
BRDA:95,3,0,7
BRDA:95,4,0,78
BRDA:95,4,1,7
BRDA:96,5,0,7
BRDA:96,5,1,0
BRDA:107,6,0,78
BRDA:114,7,0,78
BRDA:114,7,1,0
BRDA:120,8,0,78
BRDA:128,9,0,78
BRDA:128,10,0,78
BRDA:128,10,1,78
BRDA:139,11,0,7
BRDA:139,11,1,0
BRDA:139,11,2,71
BRDA:139,11,3,0
BRDA:139,11,4,0
BRDA:157,12,0,0
BRDA:161,13,0,7
BRDA:161,13,1,0
BRDA:161,13,2,71
BRDA:161,13,3,0
BRDA:161,13,4,0
BRDA:179,14,0,14
BRDA:179,14,1,0
BRDA:179,14,2,71
BRDA:179,14,3,0
BRDA:179,14,4,0
BRDA:203,15,0,0
BRDA:203,15,1,0
BRDA:226,16,0,0
BRDA:226,16,1,2
BRDA:240,17,0,0
BRDA:240,17,1,0
BRDA:252,18,0,0
BRDA:252,18,1,0
BRDA:252,18,2,0
BRDA:252,18,3,0
BRDA:252,18,4,0
BRF:43
BRH:19
end_of_record
TN:
SF:src/modules/printify/utils/order-error-handling.ts
FN:21,(anonymous_0)
FN:40,(anonymous_1)
FN:70,(anonymous_2)
FN:97,(anonymous_3)
FN:112,(anonymous_4)
FN:147,(anonymous_5)
FN:211,(anonymous_6)
FN:256,(anonymous_7)
FN:313,(anonymous_8)
FN:320,(anonymous_9)
FN:335,(anonymous_10)
FN:362,(anonymous_11)
FN:363,(anonymous_12)
FN:369,(anonymous_13)
FN:380,(anonymous_14)
FN:394,(anonymous_15)
FN:395,(anonymous_16)
FN:396,(anonymous_17)
FN:398,(anonymous_18)
FN:404,(anonymous_19)
FNF:20
FNH:0
FNDA:0,(anonymous_0)
FNDA:0,(anonymous_1)
FNDA:0,(anonymous_2)
FNDA:0,(anonymous_3)
FNDA:0,(anonymous_4)
FNDA:0,(anonymous_5)
FNDA:0,(anonymous_6)
FNDA:0,(anonymous_7)
FNDA:0,(anonymous_8)
FNDA:0,(anonymous_9)
FNDA:0,(anonymous_10)
FNDA:0,(anonymous_11)
FNDA:0,(anonymous_12)
FNDA:0,(anonymous_13)
FNDA:0,(anonymous_14)
FNDA:0,(anonymous_15)
FNDA:0,(anonymous_16)
FNDA:0,(anonymous_17)
FNDA:0,(anonymous_18)
FNDA:0,(anonymous_19)
DA:8,0
DA:9,0
DA:21,0
DA:22,0
DA:23,0
DA:24,0
DA:25,0
DA:26,0
DA:27,0
DA:28,0
DA:29,0
DA:30,0
DA:31,0
DA:34,0
DA:51,0
DA:58,0
DA:59,0
DA:60,0
DA:61,0
DA:64,0
DA:71,0
DA:72,0
DA:75,0
DA:77,0
DA:79,0
DA:81,0
DA:83,0
DA:85,0
DA:88,0
DA:90,0
DA:98,0
DA:113,0
DA:114,0
DA:115,0
DA:116,0
DA:128,0
DA:129,0
DA:142,0
DA:152,0
DA:153,0
DA:155,0
DA:156,0
DA:157,0
DA:160,0
DA:161,0
DA:169,0
DA:171,0
DA:174,0
DA:177,0
DA:178,0
DA:180,0
DA:188,0
DA:189,0
DA:192,0
DA:197,0
DA:198,0
DA:200,0
DA:212,0
DA:213,0
DA:217,0
DA:224,0
DA:225,0
DA:227,0
DA:228,0
DA:229,0
DA:231,0
DA:232,0
DA:235,0
DA:236,0
DA:237,0
DA:238,0
DA:239,0
DA:240,0
DA:241,0
DA:245,0
DA:257,0
DA:259,0
DA:260,0
DA:263,0
DA:265,0
DA:269,0
DA:270,0
DA:274,0
DA:275,0
DA:279,0
DA:281,0
DA:285,0
DA:286,0
DA:290,0
DA:292,0
DA:296,0
DA:297,0
DA:301,0
DA:303,0
DA:307,0
DA:314,0
DA:321,0
DA:327,0
DA:329,0
DA:336,0
DA:348,0
DA:349,0
DA:350,0
DA:351,0
DA:352,0
DA:353,0
DA:355,0
DA:363,0
DA:370,0
DA:381,0
DA:382,0
DA:389,0
DA:390,0
DA:394,0
DA:395,0
DA:396,0
DA:398,0
DA:399,0
DA:404,0
DA:412,0
LF:120
LH:0
BRDA:21,0,0,0
BRDA:21,0,1,0
BRDA:44,1,0,0
BRDA:54,2,0,0
BRDA:54,2,1,0
BRDA:60,3,0,0
BRDA:60,3,1,0
BRDA:61,4,0,0
BRDA:61,4,1,0
BRDA:71,5,0,0
BRDA:75,6,0,0
BRDA:75,6,1,0
BRDA:75,6,2,0
BRDA:75,6,3,0
BRDA:75,6,4,0
BRDA:75,6,5,0
BRDA:75,6,6,0
BRDA:75,6,7,0
BRDA:102,7,0,0
BRDA:102,7,1,0
BRDA:115,8,0,0
BRDA:115,8,1,0
BRDA:160,9,0,0
BRDA:177,10,0,0
BRDA:177,11,0,0
BRDA:177,11,1,0
BRDA:197,12,0,0
BRDA:197,12,1,0
BRDA:212,13,0,0
BRDA:220,14,0,0
BRDA:220,14,1,0
BRDA:231,15,0,0
BRDA:235,16,0,0
BRDA:235,16,1,0
BRDA:237,17,0,0
BRDA:237,17,1,0
BRDA:240,18,0,0
BRDA:249,19,0,0
BRDA:249,19,1,0
BRDA:257,20,0,0
BRDA:259,21,0,0
BRDA:259,21,1,0
BRDA:260,22,0,0
BRDA:260,22,1,0
BRDA:260,22,2,0
BRDA:263,23,0,0
BRDA:263,24,0,0
BRDA:263,24,1,0
BRDA:263,24,2,0
BRDA:263,24,3,0
BRDA:269,25,0,0
BRDA:269,26,0,0
BRDA:269,26,1,0
BRDA:274,27,0,0
BRDA:274,28,0,0
BRDA:274,28,1,0
BRDA:279,29,0,0
BRDA:279,30,0,0
BRDA:279,30,1,0
BRDA:279,30,2,0
BRDA:285,31,0,0
BRDA:285,32,0,0
BRDA:285,32,1,0
BRDA:290,33,0,0
BRDA:290,34,0,0
BRDA:290,34,1,0
BRDA:290,34,2,0
BRDA:296,35,0,0
BRDA:296,36,0,0
BRDA:296,36,1,0
BRDA:301,37,0,0
BRDA:301,38,0,0
BRDA:301,38,1,0
BRDA:301,38,2,0
BRDA:301,38,3,0
BRDA:314,39,0,0
BRDA:314,39,1,0
BRDA:348,40,0,0
BRDA:348,40,1,0
BRDA:350,41,0,0
BRDA:350,41,1,0
BRDA:352,42,0,0
BRDA:352,42,1,0
BRDA:381,43,0,0
BRDA:389,44,0,0
BRF:85
BRH:0
end_of_record
